#
# A fatal error has been detected by the Java Runtime Environment:
#
#  EXCEPTION_ACCESS_VIOLATION (0xc0000005) at pc=0x00000252f0d5100f, pid=3104, tid=13976
#
# JRE version: OpenJDK Runtime Environment Temurin-22.0.2+9 (22.0.2+9) (build 22.0.2+9)
# Java VM: OpenJDK 64-Bit Server VM Temurin-22.0.2+9 (22.0.2+9, mixed mode, emulated-client, tiered, compressed oops, compressed class ptrs, g1 gc, windows-amd64)
# Problematic frame:
# v  ~BufferBlob::MethodHandles adapters 0x00000252f0d5100f
#
# No core dump will be written. Minidumps are not enabled by default on client versions of Windows
#
# If you would like to submit a bug report, please visit:
#   https://github.com/adoptium/adoptium-support/issues
#

---------------  S U M M A R Y ------------

Command Line: -XX:+ShowCodeDetailsInExceptionMessages -agentlib:jdwp=transport=dt_socket,suspend=y,address=localhost:59613 -Dcom.sun.management.jmxremote -Dcom.sun.management.jmxremote.port=59612 -Dcom.sun.management.jmxremote.authenticate=false -Dcom.sun.management.jmxremote.ssl=false -Djava.rmi.server.hostname=localhost -Dspring.jmx.enabled=true -Dmanagement.endpoints.jmx.exposure.include=* -Dspring.application.admin.enabled=true -XX:TieredStopAtLevel=1 -Dspring.boot.project.name=JSSL-Integration -javaagent:C:\Users\Admin\eclipse\jee-2024-06\eclipse\configuration\org.eclipse.osgi\448\0\.cp\lib\javaagent-shaded.jar -Dfile.encoding=UTF-8 -Dstdout.encoding=UTF-8 -Dstderr.encoding=UTF-8 com.suveechi.integration.JsslIntegrationApplication --spring.output.ansi.enabled=always

Host: Intel(R) Core(TM) i7-8650U CPU @ 1.90GHz, 8 cores, 15G,  Windows 10 , 64 bit Build 19041 (10.0.19041.5198)
Time: Fri Dec 27 13:52:53 2024 India Standard Time elapsed time: 2228.003544 seconds (0d 0h 37m 8s)

---------------  T H R E A D  ---------------

Current thread (0x000002528603f3b0):  JavaThread "restartedMain"        [_thread_in_Java, id=13976, stack(0x000000a8d1500000,0x000000a8d1600000) (1024K)]

Stack: [0x000000a8d1500000,0x000000a8d1600000],  sp=0x000000a8d15fd888,  free space=1014k
Native frames: (J=compiled Java code, j=interpreted, Vv=VM code, C=native code)
C  0x00000252f0d5100f  (no source info available)

The last pc belongs to _linkToSpecial (printed below).

siginfo: EXCEPTION_ACCESS_VIOLATION (0xc0000005), reading address 0xfffffffffffffff7


Registers:
RAX=0x00000252f0d290e6, RBX=0x00000007069ccb68, RCX=0xfffffffffffffff7, RDX=0x0000000000000002
RSP=0x000000a8d15fd888, RBP=0x000000a8d15fd8d8, RSI=0x0000025284f10548, RDI=0x00000252fb711350
R8 =0x0000000000000004, R9 =0x0000000000000004, R10=0x00007ffc710d0cc0, R11=0x00000252803d2c78
R12=0x0000000000000000, R13=0x000000a8d15fd888, R14=0x000000a8d15fd8f8, R15=0x000002528603f3b0
RIP=0x00000252f0d5100f, EFLAGS=0x0000000000010202


Register to memory mapping:

RAX=0x00000252f0d290e6 is at code_begin+3174 in an Interpreter codelet
return entry points  [0x00000252f0d28480, 0x00000252f0d2a388]  7944 bytes
RBX=0x00000007069ccb68 is an oop: com.suveechi.integration.controller.QSPackingController 
{0x00000007069ccb68} - klass: 'com/suveechi/integration/controller/QSPackingController'
 - ---- fields (total size 3 words):
 - 'qsPackingRepository' 'Lcom/suveechi/integration/repository/QSPackingRepository;' @12  null (0x00000000)
 - private 'uploadDir' 'Ljava/lang/String;' @16  null (0x00000000)
RCX=0xfffffffffffffff7 is an unknown value
RDX=0x0000000000000002 is an unknown value
RSP=0x000000a8d15fd888 is pointing into the stack for thread: 0x000002528603f3b0
RBP=0x000000a8d15fd8d8 is pointing into the stack for thread: 0x000002528603f3b0
RSI=0x0000025284f10548 points into unknown readable memory: 0x8000134dd3075105 | 05 51 07 d3 4d 13 00 80
RDI=0x00000252fb711350 points into unknown readable memory: 0x0000001800000070 | 70 00 00 00 18 00 00 00
R8 =0x0000000000000004 is an unknown value
R9 =0x0000000000000004 is an unknown value
R10=0x00007ffc710d0cc0 jvm.dll
R11={method} {0x00000252803d2c80} 'newInvokeSpecial' '(Ljava/lang/Object;)Ljava/lang/Object;' in 'java/lang/invoke/DirectMethodHandle$Holder'
R12=0x0 is null
R13=0x000000a8d15fd888 is pointing into the stack for thread: 0x000002528603f3b0
R14=0x000000a8d15fd8f8 is pointing into the stack for thread: 0x000002528603f3b0
R15=0x000002528603f3b0 is a thread

Top of Stack: (sp=0x000000a8d15fd888)
0x000000a8d15fd888:   00000252f0d290e6 fffffffffffffff7
0x000000a8d15fd898:   00000252803d2c67 0000000000000004
0x000000a8d15fd8a8:   00000252803d77e8 0000000000000000
0x000000a8d15fd8b8:   00000007028f12a8 00000252803d2c78
0x000000a8d15fd8c8:   fffffffffffffff6 000000a8d15fd900
0x000000a8d15fd8d8:   000000a8d15fe968 00000252f11551f3
0x000000a8d15fd8e8:   00000007069ccac0 00000007069ccb68
0x000000a8d15fd8f8:   00000007069ccb20 000000a8d15fe968
0x000000a8d15fd908:   00000252f115a5b4 00000252842cd560
0x000000a8d15fd918:   000000a8d15fb450 000000a8d15fe968
0x000000a8d15fd928:   00000252f16f4a7c 00007ffc94657050
0x000000a8d15fd938:   00007ffc70994d5e 00007ffc94651f00
0x000000a8d15fd948:   000002528d145fb0 0000025285551090
0x000000a8d15fd958:   00007ffc7099466f 0000000000000004
0x000000a8d15fd968:   00007ffc946445f2 00007ffc94652bc0
0x000000a8d15fd978:   00000252842cd560 00000007028da508
0x000000a8d15fd988:   0000000705e6db88 00000007069cc748
0x000000a8d15fd998:   00000007069cc748 0000000705e6db88
0x000000a8d15fd9a8:   0000000700000000 00000007069ccb50
0x000000a8d15fd9b8:   00000007069cc8d8 000000a8d15fe968
0x000000a8d15fd9c8:   00000252f16f4244 0000000000000000
0x000000a8d15fd9d8:   0000000000000000 000000a8d15fe968
0x000000a8d15fd9e8:   00000252f11587dc 00000007069ccb20
0x000000a8d15fd9f8:   0000000000000000 0000000000000000
0x000000a8d15fda08:   0000000000000000 000002528603f3b0
0x000000a8d15fda18:   0000000000000000 00000007069cc880
0x000000a8d15fda28:   0000000000000000 00000007069cc748
0x000000a8d15fda38:   00000007069ccb50 00000007069cc880
0x000000a8d15fda48:   0000000000000000 0000025289ea9300
0x000000a8d15fda58:   00000252f11548e4 000000a8d15fe968
0x000000a8d15fda68:   00000252f10bf94a 0000000000000000
0x000000a8d15fda78:   00000252f100fe81 000000a8d15fe968 

Instructions: (pc=0x00000252f0d5100f)
0x00000252f0d50f0f:   90 66 66 66 0f 1f 84 00 00 00 00 00 66 66 66 90
0x00000252f0d50f1f:   90 48 8b 53 08 0f b7 52 2e 48 8b 0c d4 8b 59 14
0x00000252f0d50f2f:   48 c1 e3 03 8b 5b 28 48 c1 e3 03 8b 5b 24 48 c1
0x00000252f0d50f3f:   e3 03 48 8b 5b 10 48 85 db 0f 84 10 00 00 00 41
0x00000252f0d50f4f:   80 bf e8 05 00 00 00 74 03 ff 63 38 ff 63 50 e9
0x00000252f0d50f5f:   9d 16 00 00 66 66 66 0f 1f 84 00 00 00 00 00 66
0x00000252f0d50f6f:   66 66 90 66 66 0f 1f 84 00 00 00 00 00 66 66 66
0x00000252f0d50f7f:   90 48 8b 53 08 0f b7 52 2e 48 8b 0c d4 58 5b 50
0x00000252f0d50f8f:   44 8b 51 08 4c 8b 5b 10 4b 8b 9c da c8 01 00 00
0x00000252f0d50f9f:   48 85 db 0f 84 10 00 00 00 41 80 bf e8 05 00 00
0x00000252f0d50faf:   00 74 03 ff 63 38 ff 63 50 e9 43 16 00 00 66 66
0x00000252f0d50fbf:   90 58 5b 50 8b 5b 24 48 c1 e3 03 48 8b 5b 10 48
0x00000252f0d50fcf:   85 db 0f 84 10 00 00 00 41 80 bf e8 05 00 00 00
0x00000252f0d50fdf:   74 03 ff 63 38 ff 63 50 e9 14 16 00 00 66 66 66
0x00000252f0d50fef:   0f 1f 84 00 00 00 00 00 66 66 66 90 0f 1f 44 00
0x00000252f0d50fff:   00 48 8b 53 08 0f b7 52 2e 48 8b 0c d4 58 5b 50
0x00000252f0d5100f:   48 3b 01 8b 5b 24 48 c1 e3 03 48 8b 5b 10 48 85
0x00000252f0d5101f:   db 0f 84 10 00 00 00 41 80 bf e8 05 00 00 00 74
0x00000252f0d5102f:   03 ff 63 38 ff 63 50 e9 c5 15 00 00 0f 1f 44 00
0x00000252f0d5103f:   00 48 8b 53 08 0f b7 52 2e 48 8b 0c d4 58 5b 50
0x00000252f0d5104f:   44 8b 51 08 8b 43 18 48 c1 e0 03 48 8b 40 10 48
0x00000252f0d5105f:   8b 5b 10 45 8b 9a a0 00 00 00 4f 8d 9c da c8 01
0x00000252f0d5106f:   00 00 4d 8d 14 da 49 8b 1b 48 3b c3 74 15 48 85
0x00000252f0d5107f:   db 0f 84 32 00 00 00 49 83 c3 10 49 8b 1b 48 3b
0x00000252f0d5108f:   c3 75 eb 45 8b 5b 08 4b 8b 1c 1a 48 85 db 0f 84
0x00000252f0d5109f:   10 00 00 00 41 80 bf e8 05 00 00 00 74 03 ff 63
0x00000252f0d510af:   38 ff 63 50 e9 48 15 00 00 e9 43 12 00 00 f4 00
0x00000252f0d510bf:   00 00 00 00 00 00 00 00 00 00 00 00 00 00 00 00
0x00000252f0d510cf:   00 00 00 00 00 00 00 00 00 00 00 00 00 00 00 00
0x00000252f0d510df:   00 00 00 00 00 00 00 00 00 00 00 00 00 00 00 00
0x00000252f0d510ef:   00 00 00 00 00 00 00 00 00 00 00 00 00 00 00 00
0x00000252f0d510ff:   00 00 00 00 00 00 00 00 00 00 00 00 00 00 00 00 


Stack slot to memory mapping:

stack at sp + 0 slots: 0x00000252f0d290e6 is at code_begin+3174 in an Interpreter codelet
return entry points  [0x00000252f0d28480, 0x00000252f0d2a388]  7944 bytes
stack at sp + 1 slots: 0xfffffffffffffff7 is an unknown value
stack at sp + 2 slots: 0x00000252803d2c67 is pointing into metadata
stack at sp + 3 slots: 0x0000000000000004 is an unknown value
stack at sp + 4 slots: 0x00000252803d77e8 is pointing into metadata
stack at sp + 5 slots: 0x0 is null
stack at sp + 6 slots: 0x00000007028f12a8 is an oop: java.lang.Class 
{0x00000007028f12a8} - klass: 'java/lang/Class'
 - ---- fields (total size 14 words):
 - private volatile transient 'classRedefinedCount' 'I' @12  0 (0x00000000)
 - injected 'klass' 'J' @16  3154326560 (0x00000000bc033420)
 - injected 'array_klass' 'J' @24  0 (0x0000000000000000)
 - injected 'oop_size' 'I' @32  14 (0x0000000e)
 - injected 'static_oop_field_count' 'I' @36  0 (0x00000000)
 - private volatile transient 'cachedConstructor' 'Ljava/lang/reflect/Constructor;' @40  null (0x00000000)
 - private transient 'name' 'Ljava/lang/String;' @44  null (0x00000000)
 - private transient 'module' 'Ljava/lang/Module;' @48  a 'java/lang/Module'{0x00000007028e2f90} (0xe051c5f2)
 - private final 'classLoader' 'Ljava/lang/ClassLoader;' @52  null (0x00000000)
 - private transient 'classData' 'Ljava/lang/Object;' @56  null (0x00000000)
 - private transient 'packageName' 'Ljava/lang/String;' @60  null (0x00000000)
 - private final 'componentType' 'Ljava/lang/Class;' @64  null (0x00000000)
 - private volatile transient 'reflectionData' 'Ljava/lang/ref/SoftReference;' @68  null (0x00000000)
 - private volatile transient 'genericInfo' 'Lsun/reflect/generics/repository/ClassRepository;' @72  null (0x00000000)
 - private volatile transient 'enumConstants' '[Ljava/lang/Object;' @76  null (0x00000000)
 - private volatile transient 'enumConstantDirectory' 'Ljava/util/Map;' @80  null (0x00000000)
 - private volatile transient 'annotationData' 'Ljava/lang/Class$AnnotationData;' @84  null (0x00000000)
 - private volatile transient 'annotationType' 'Lsun/reflect/annotation/AnnotationType;' @88  null (0x00000000)
 - transient 'classValueMap' 'Ljava/lang/ClassValue$ClassValueMap;' @92  null (0x00000000)
 - injected 'protection_domain' 'Ljava/lang/Object;' @96  null (0x00000000)
 - injected 'signers_name' 'Ljava/lang/Object;' @100  null (0x00000000)
 - injected 'source_file' 'Ljava/lang/Object;' @104  null (0x00000000)
 - signature: Ljava/lang/invoke/DirectMethodHandle$Holder;
 - ---- static fields (0):
stack at sp + 7 slots: {method} {0x00000252803d2c80} 'newInvokeSpecial' '(Ljava/lang/Object;)Ljava/lang/Object;' in 'java/lang/invoke/DirectMethodHandle$Holder'

MethodHandle::interpreter_entry::_linkToSpecial [0x00000252f0d50fec, 0x00000252f0d5103b] (79 bytes)
[MachCode]
  0x00000252f0d50fec: 6666 660f | 1f84 0000 | 0000 0066 | 6666 900f | 1f44 0000 | 488b 5308 | 0fb7 522e | 488b 0cd4 
  0x00000252f0d5100c: 585b 5048 | 3b01 8b5b | 2448 c1e3 | 0348 8b5b | 1048 85db | 0f84 1000 | 0000 4180 | bfe8 0500 
  0x00000252f0d5102c: 0000 7403 | ff63 38ff | 6350 e9c5 | 
[/MachCode]

---------------  P R O C E S S  ---------------

Threads class SMR info:
_java_thread_list=0x000002528d30f380, length=25, elements={
0x0000025284054570, 0x000002528407bda0, 0x00000252840a41d0, 0x00000252840acfe0,
0x00000252840b0800, 0x00000252840b1db0, 0x000002528409afa0, 0x00000252841af6f0,
0x000002528430bf80, 0x000002528432d560, 0x000002528432e410, 0x0000025284c640a0,
0x0000025284f422d0, 0x0000025284f47c10, 0x0000025284fd60b0, 0x000002528542d400,
0x000002528542da70, 0x000002528571be80, 0x0000025285e78e10, 0x0000025285e7b570,
0x000002528603cc50, 0x000002528603f3b0, 0x000002528603b8a0, 0x000002528603fa40,
0x0000025286039140
}

Java Threads: ( => current thread )
  0x0000025284054570 JavaThread "Reference Handler"          daemon [_thread_blocked, id=6916, stack(0x000000a8d1e00000,0x000000a8d1f00000) (1024K)]
  0x000002528407bda0 JavaThread "Finalizer"                  daemon [_thread_blocked, id=7380, stack(0x000000a8d1f00000,0x000000a8d2000000) (1024K)]
  0x00000252840a41d0 JavaThread "Signal Dispatcher"          daemon [_thread_blocked, id=8008, stack(0x000000a8d2000000,0x000000a8d2100000) (1024K)]
  0x00000252840acfe0 JavaThread "Attach Listener"            daemon [_thread_blocked, id=11808, stack(0x000000a8d2100000,0x000000a8d2200000) (1024K)]
  0x00000252840b0800 JavaThread "Service Thread"             daemon [_thread_blocked, id=14248, stack(0x000000a8d2200000,0x000000a8d2300000) (1024K)]
  0x00000252840b1db0 JavaThread "Monitor Deflation Thread"   daemon [_thread_blocked, id=1888, stack(0x000000a8d2300000,0x000000a8d2400000) (1024K)]
  0x000002528409afa0 JavaThread "C1 CompilerThread0"         daemon [_thread_blocked, id=8840, stack(0x000000a8d2400000,0x000000a8d2500000) (1024K)]
  0x00000252841af6f0 JavaThread "Common-Cleaner"             daemon [_thread_blocked, id=11952, stack(0x000000a8d2500000,0x000000a8d2600000) (1024K)]
  0x000002528430bf80 JavaThread "JDWP Transport Listener: dt_socket" daemon [_thread_blocked, id=17064, stack(0x000000a8d2800000,0x000000a8d2900000) (1024K)]
  0x000002528432d560 JavaThread "JDWP Event Helper Thread"   daemon [_thread_blocked, id=8756, stack(0x000000a8d2900000,0x000000a8d2a00000) (1024K)]
  0x000002528432e410 JavaThread "JDWP Command Reader"        daemon [_thread_blocked, id=5836, stack(0x000000a8d2a00000,0x000000a8d2b00000) (1024K)]
  0x0000025284c640a0 JavaThread "Notification Thread"        daemon [_thread_blocked, id=14696, stack(0x000000a8d2b00000,0x000000a8d2c00000) (1024K)]
  0x0000025284f422d0 JavaThread "RMI TCP Accept-0"           daemon [_thread_in_native, id=14452, stack(0x000000a8d2d00000,0x000000a8d2e00000) (1024K)]
  0x0000025284f47c10 JavaThread "RMI TCP Accept-59612"       daemon [_thread_in_native, id=5648, stack(0x000000a8d2e00000,0x000000a8d2f00000) (1024K)]
  0x0000025284fd60b0 JavaThread "RMI TCP Accept-0"           daemon [_thread_in_native, id=10916, stack(0x000000a8d3600000,0x000000a8d3700000) (1024K)]
  0x000002528542d400 JavaThread "RMI Scheduler(0)"           daemon [_thread_blocked, id=584, stack(0x000000a8d3a00000,0x000000a8d3b00000) (1024K)]
  0x000002528542da70 JavaThread "RMI TCP Connection(39)-127.0.0.1" daemon [_thread_in_native, id=12836, stack(0x000000a8d3b00000,0x000000a8d3c00000) (1024K)]
  0x000002528571be80 JavaThread "JMX server connection timeout 41" daemon [_thread_blocked, id=11804, stack(0x000000a8d3c00000,0x000000a8d3d00000) (1024K)]
  0x0000025285e78e10 JavaThread "Live Reload Server"         daemon [_thread_in_native, id=12448, stack(0x000000a8d4400000,0x000000a8d4500000) (1024K)]
  0x0000025285e7b570 JavaThread "DestroyJavaVM"                     [_thread_blocked, id=7600, stack(0x000000a8d1600000,0x000000a8d1700000) (1024K)]
  0x000002528603cc50 JavaThread "Thread-23"                         [_thread_blocked, id=2044, stack(0x000000a8d1300000,0x000000a8d1400000) (1024K)]
=>0x000002528603f3b0 JavaThread "restartedMain"                     [_thread_in_Java, id=13976, stack(0x000000a8d1500000,0x000000a8d1600000) (1024K)]
  0x000002528603b8a0 JavaThread "Catalina-utility-1"                [_thread_blocked, id=10560, stack(0x000000a8d2700000,0x000000a8d2800000) (1024K)]
  0x000002528603fa40 JavaThread "Catalina-utility-2"                [_thread_blocked, id=12324, stack(0x000000a8d2c00000,0x000000a8d2d00000) (1024K)]
  0x0000025286039140 JavaThread "container-0"                       [_thread_blocked, id=600, stack(0x000000a8d3700000,0x000000a8d3800000) (1024K)]
Total: 25

Other Threads:
  0x00000252fb87d3d0 VMThread "VM Thread"                           [id=16228, stack(0x000000a8d1d00000,0x000000a8d1e00000) (1024K)] _threads_hazard_ptr=0x000002528d30f380
  0x00000252fb815df0 WatcherThread "VM Periodic Task Thread"        [id=12000, stack(0x000000a8d1c00000,0x000000a8d1d00000) (1024K)]
  0x00000252ed29b880 WorkerThread "GC Thread#0"                     [id=5412, stack(0x000000a8d1700000,0x000000a8d1800000) (1024K)]
  0x0000025284f822c0 WorkerThread "GC Thread#1"                     [id=4004, stack(0x000000a8d2f00000,0x000000a8d3000000) (1024K)]
  0x0000025284f82670 WorkerThread "GC Thread#2"                     [id=11064, stack(0x000000a8d3000000,0x000000a8d3100000) (1024K)]
  0x0000025284f82a20 WorkerThread "GC Thread#3"                     [id=9300, stack(0x000000a8d3100000,0x000000a8d3200000) (1024K)]
  0x0000025284f82dd0 WorkerThread "GC Thread#4"                     [id=10244, stack(0x000000a8d3200000,0x000000a8d3300000) (1024K)]
  0x0000025284f84190 WorkerThread "GC Thread#5"                     [id=6488, stack(0x000000a8d3300000,0x000000a8d3400000) (1024K)]
  0x0000025284fcf0a0 WorkerThread "GC Thread#6"                     [id=15012, stack(0x000000a8d3400000,0x000000a8d3500000) (1024K)]
  0x0000025284fcf450 WorkerThread "GC Thread#7"                     [id=12116, stack(0x000000a8d3500000,0x000000a8d3600000) (1024K)]
  0x00000252ed2ade70 ConcurrentGCThread "G1 Main Marker"            [id=16560, stack(0x000000a8d1800000,0x000000a8d1900000) (1024K)]
  0x00000252ed2aeca0 WorkerThread "G1 Conc#0"                       [id=3184, stack(0x000000a8d1900000,0x000000a8d1a00000) (1024K)]
  0x00000252857cd450 WorkerThread "G1 Conc#1"                       [id=16184, stack(0x000000a8d3d00000,0x000000a8d3e00000) (1024K)]
  0x00000252fb6ec1f0 ConcurrentGCThread "G1 Refine#0"               [id=13576, stack(0x000000a8d1a00000,0x000000a8d1b00000) (1024K)]
  0x00000252fb6eca20 ConcurrentGCThread "G1 Service"                [id=7060, stack(0x000000a8d1b00000,0x000000a8d1c00000) (1024K)]
Total: 15

Threads with active compile tasks:
Total: 0

VM state: synchronizing (normal execution)

VM Mutex/Monitor currently owned by a thread:  ([mutex/lock_event])
[0x00007ffc710c0f80] Threads_lock - owner thread: 0x00000252fb87d3d0

Heap address: 0x0000000702600000, size: 4058 MB, Compressed Oops mode: Zero based, Oop shift amount: 3

CDS archive(s) not mapped
Compressed class space mapped at: 0x00000000bc000000-0x00000000fc000000, reserved size: 1073741824
Narrow klass base: 0x0000000000000000, Narrow klass shift: 0, Narrow klass range: 0xfc000000

GC Precious Log:
 CardTable entry size: 512
 Card Set container configuration: InlinePtr #cards 4 size 8 Array Of Cards #cards 16 size 48 Howl #buckets 8 coarsen threshold 3686 Howl Bitmap #cards 512 size 80 coarsen threshold 460 Card regions per heap region 1 cards per card region 4096
 CPUs: 8 total, 8 available
 Memory: 16227M
 Large Page Support: Disabled
 NUMA Support: Disabled
 Compressed Oops: Enabled (Zero based)
 Heap Region Size: 2M
 Heap Min Capacity: 8M
 Heap Initial Capacity: 254M
 Heap Max Capacity: 4058M
 Pre-touch: Disabled
 Parallel Workers: 8
 Concurrent Workers: 2
 Concurrent Refinement Workers: 8
 Periodic GC: Disabled

Heap:
 garbage-first heap   total reserved 4155392K, committed 122880K, used 95206K [0x0000000702600000, 0x0000000800000000)
  region size 2048K, 31 young (63488K), 3 survivors (6144K)
 Metaspace       used 92118K, committed 92864K, reserved 1179648K
  class space    used 11881K, committed 12224K, reserved 1048576K

Heap Regions: E=young(eden), S=young(survivor), O=old, HS=humongous(starts), HC=humongous(continues), CS=collection set, F=free, TAMS=top-at-mark-start, PB=parsable bottom
|   0|0x0000000702600000, 0x0000000702800000, 0x0000000702800000|100%| O|  |TAMS 0x0000000702600000| PB 0x0000000702600000| Untracked |  0
|   1|0x0000000702800000, 0x00000007029fffd8, 0x0000000702a00000| 99%| O|  |TAMS 0x0000000702800000| PB 0x0000000702800000| Untracked |  0
|   2|0x0000000702a00000, 0x0000000702c00000, 0x0000000702c00000|100%| O|  |TAMS 0x0000000702a00000| PB 0x0000000702a00000| Untracked |  0
|   3|0x0000000702c00000, 0x0000000702dfedd0, 0x0000000702e00000| 99%| O|  |TAMS 0x0000000702c00000| PB 0x0000000702c00000| Untracked |  0
|   4|0x0000000702e00000, 0x0000000702fffff0, 0x0000000703000000| 99%| O|  |TAMS 0x0000000702e00000| PB 0x0000000702e00000| Untracked |  0
|   5|0x0000000703000000, 0x00000007031ffbd8, 0x0000000703200000| 99%| O|  |TAMS 0x0000000703000000| PB 0x0000000703000000| Untracked |  0
|   6|0x0000000703200000, 0x0000000703400000, 0x0000000703400000|100%| O|  |TAMS 0x0000000703200000| PB 0x0000000703200000| Untracked |  0
|   7|0x0000000703400000, 0x00000007035fffd0, 0x0000000703600000| 99%| O|  |TAMS 0x0000000703400000| PB 0x0000000703400000| Untracked |  0
|   8|0x0000000703600000, 0x00000007037ffff8, 0x0000000703800000| 99%| O|  |TAMS 0x0000000703600000| PB 0x0000000703600000| Untracked |  0
|   9|0x0000000703800000, 0x0000000703a00000, 0x0000000703a00000|100%| O|  |TAMS 0x0000000703800000| PB 0x0000000703800000| Untracked |  0
|  10|0x0000000703a00000, 0x0000000703bffff8, 0x0000000703c00000| 99%| O|  |TAMS 0x0000000703a00000| PB 0x0000000703a00000| Untracked |  0
|  11|0x0000000703c00000, 0x0000000703dfffc0, 0x0000000703e00000| 99%| O|  |TAMS 0x0000000703c00000| PB 0x0000000703c00000| Untracked |  0
|  12|0x0000000703e00000, 0x0000000703ffffe8, 0x0000000704000000| 99%| O|  |TAMS 0x0000000703e00000| PB 0x0000000703e00000| Untracked |  0
|  13|0x0000000704000000, 0x00000007041fffb0, 0x0000000704200000| 99%| O|  |TAMS 0x0000000704000000| PB 0x0000000704000000| Untracked |  0
|  14|0x0000000704200000, 0x00000007043fffc0, 0x0000000704400000| 99%| O|  |TAMS 0x0000000704200000| PB 0x0000000704200000| Untracked |  0
|  15|0x0000000704400000, 0x0000000704481f78, 0x0000000704600000| 25%| O|  |TAMS 0x0000000704400000| PB 0x0000000704400000| Untracked |  0
|  16|0x0000000704600000, 0x00000007046973d0, 0x0000000704800000| 29%| O|  |TAMS 0x0000000704600000| PB 0x0000000704600000| Untracked |  0
|  17|0x0000000704800000, 0x000000070482c4c0, 0x0000000704a00000|  8%| O|Cm|TAMS 0x0000000704800000| PB 0x0000000704800000| Complete |  0
|  18|0x0000000704a00000, 0x0000000704b314c8, 0x0000000704c00000| 59%| O|  |TAMS 0x0000000704a00000| PB 0x0000000704a00000| Untracked |  0
|  19|0x0000000704c00000, 0x0000000704cac710, 0x0000000704e00000| 33%| O|  |TAMS 0x0000000704c00000| PB 0x0000000704c00000| Untracked |  0
|  20|0x0000000704e00000, 0x0000000704e00000, 0x0000000705000000|  0%| F|  |TAMS 0x0000000704e00000| PB 0x0000000704e00000| Untracked |  0
|  21|0x0000000705000000, 0x0000000705000000, 0x0000000705200000|  0%| F|  |TAMS 0x0000000705000000| PB 0x0000000705000000| Untracked |  0
|  22|0x0000000705200000, 0x0000000705200000, 0x0000000705400000|  0%| F|  |TAMS 0x0000000705200000| PB 0x0000000705200000| Untracked |  0
|  23|0x0000000705400000, 0x0000000705400000, 0x0000000705600000|  0%| F|  |TAMS 0x0000000705400000| PB 0x0000000705400000| Untracked |  0
|  24|0x0000000705600000, 0x0000000705600000, 0x0000000705800000|  0%| F|  |TAMS 0x0000000705600000| PB 0x0000000705600000| Untracked |  0
|  25|0x0000000705800000, 0x0000000705800000, 0x0000000705a00000|  0%| F|  |TAMS 0x0000000705800000| PB 0x0000000705800000| Untracked |  0
|  26|0x0000000705a00000, 0x0000000705bd7cc0, 0x0000000705c00000| 92%| S|CS|TAMS 0x0000000705a00000| PB 0x0000000705a00000| Complete |  0
|  27|0x0000000705c00000, 0x0000000705e00000, 0x0000000705e00000|100%| S|CS|TAMS 0x0000000705c00000| PB 0x0000000705c00000| Complete |  0
|  28|0x0000000705e00000, 0x0000000706000000, 0x0000000706000000|100%| S|CS|TAMS 0x0000000705e00000| PB 0x0000000705e00000| Complete |  0
|  29|0x0000000706000000, 0x0000000706000000, 0x0000000706200000|  0%| F|  |TAMS 0x0000000706000000| PB 0x0000000706000000| Untracked |  0
|  30|0x0000000706200000, 0x0000000706200000, 0x0000000706400000|  0%| F|  |TAMS 0x0000000706200000| PB 0x0000000706200000| Untracked |  0
|  31|0x0000000706400000, 0x0000000706400000, 0x0000000706600000|  0%| F|  |TAMS 0x0000000706400000| PB 0x0000000706400000| Untracked |  0
|  32|0x0000000706600000, 0x0000000706666960, 0x0000000706800000| 20%| E|  |TAMS 0x0000000706600000| PB 0x0000000706600000| Complete |  0
|  33|0x0000000706800000, 0x0000000706a00000, 0x0000000706a00000|100%| E|CS|TAMS 0x0000000706800000| PB 0x0000000706800000| Complete |  0
|  34|0x0000000706a00000, 0x0000000706c00000, 0x0000000706c00000|100%| E|CS|TAMS 0x0000000706a00000| PB 0x0000000706a00000| Complete |  0
|  35|0x0000000706c00000, 0x0000000706e00000, 0x0000000706e00000|100%| E|CS|TAMS 0x0000000706c00000| PB 0x0000000706c00000| Complete |  0
|  36|0x0000000706e00000, 0x0000000707000000, 0x0000000707000000|100%| E|CS|TAMS 0x0000000706e00000| PB 0x0000000706e00000| Complete |  0
|  37|0x0000000707000000, 0x0000000707200000, 0x0000000707200000|100%| E|CS|TAMS 0x0000000707000000| PB 0x0000000707000000| Complete |  0
|  38|0x0000000707200000, 0x0000000707400000, 0x0000000707400000|100%| E|CS|TAMS 0x0000000707200000| PB 0x0000000707200000| Complete |  0
|  39|0x0000000707400000, 0x0000000707600000, 0x0000000707600000|100%| E|CS|TAMS 0x0000000707400000| PB 0x0000000707400000| Complete |  0
|  40|0x0000000707600000, 0x0000000707800000, 0x0000000707800000|100%| E|CS|TAMS 0x0000000707600000| PB 0x0000000707600000| Complete |  0
|  41|0x0000000707800000, 0x0000000707a00000, 0x0000000707a00000|100%| E|CS|TAMS 0x0000000707800000| PB 0x0000000707800000| Complete |  0
|  42|0x0000000707a00000, 0x0000000707c00000, 0x0000000707c00000|100%| E|CS|TAMS 0x0000000707a00000| PB 0x0000000707a00000| Complete |  0
|  43|0x0000000707c00000, 0x0000000707e00000, 0x0000000707e00000|100%| E|CS|TAMS 0x0000000707c00000| PB 0x0000000707c00000| Complete |  0
|  44|0x0000000707e00000, 0x0000000708000000, 0x0000000708000000|100%| E|CS|TAMS 0x0000000707e00000| PB 0x0000000707e00000| Complete |  0
|  45|0x0000000708000000, 0x0000000708200000, 0x0000000708200000|100%| E|CS|TAMS 0x0000000708000000| PB 0x0000000708000000| Complete |  0
|  46|0x0000000708200000, 0x0000000708400000, 0x0000000708400000|100%| E|CS|TAMS 0x0000000708200000| PB 0x0000000708200000| Complete |  0
|  47|0x0000000708400000, 0x0000000708600000, 0x0000000708600000|100%| E|CS|TAMS 0x0000000708400000| PB 0x0000000708400000| Complete |  0
|  48|0x0000000708600000, 0x0000000708800000, 0x0000000708800000|100%| E|CS|TAMS 0x0000000708600000| PB 0x0000000708600000| Complete |  0
|  49|0x0000000708800000, 0x0000000708a00000, 0x0000000708a00000|100%| E|CS|TAMS 0x0000000708800000| PB 0x0000000708800000| Complete |  0
|  50|0x0000000708a00000, 0x0000000708c00000, 0x0000000708c00000|100%| E|CS|TAMS 0x0000000708a00000| PB 0x0000000708a00000| Complete |  0
|  51|0x0000000708c00000, 0x0000000708e00000, 0x0000000708e00000|100%| E|CS|TAMS 0x0000000708c00000| PB 0x0000000708c00000| Complete |  0
|  52|0x0000000708e00000, 0x0000000709000000, 0x0000000709000000|100%| E|CS|TAMS 0x0000000708e00000| PB 0x0000000708e00000| Complete |  0
|  53|0x0000000709000000, 0x0000000709200000, 0x0000000709200000|100%| E|CS|TAMS 0x0000000709000000| PB 0x0000000709000000| Complete |  0
|  54|0x0000000709200000, 0x0000000709400000, 0x0000000709400000|100%| E|CS|TAMS 0x0000000709200000| PB 0x0000000709200000| Complete |  0
|  55|0x0000000709400000, 0x0000000709600000, 0x0000000709600000|100%| E|CS|TAMS 0x0000000709400000| PB 0x0000000709400000| Complete |  0
|  56|0x0000000709600000, 0x0000000709800000, 0x0000000709800000|100%| E|CS|TAMS 0x0000000709600000| PB 0x0000000709600000| Complete |  0
|  57|0x0000000709800000, 0x0000000709a00000, 0x0000000709a00000|100%| E|CS|TAMS 0x0000000709800000| PB 0x0000000709800000| Complete |  0
|  58|0x0000000709a00000, 0x0000000709c00000, 0x0000000709c00000|100%| E|CS|TAMS 0x0000000709a00000| PB 0x0000000709a00000| Complete |  0
|  59|0x0000000709c00000, 0x0000000709e00000, 0x0000000709e00000|100%| E|CS|TAMS 0x0000000709c00000| PB 0x0000000709c00000| Complete |  0

Card table byte_map: [0x00000252f4620000,0x00000252f4e10000] _byte_map_base: 0x00000252f0e0d000

Marking Bits: (CMBitMap*) 0x00000252ed29ceb0
 Bits: [0x00000252f4e10000, 0x00000252f8d78000)

Polling page: 0x00000252eb160000

Metaspace:

Usage:
  Non-class:     78.36 MB used.
      Class:     11.60 MB used.
       Both:     89.96 MB used.

Virtual space:
  Non-class space:      128.00 MB reserved,      78.75 MB ( 62%) committed,  2 nodes.
      Class space:        1.00 GB reserved,      11.94 MB (  1%) committed,  1 nodes.
             Both:        1.12 GB reserved,      90.69 MB (  8%) committed. 

Chunk freelists:
   Non-Class:  352.00 KB
       Class:  4.03 MB
        Both:  4.38 MB

MaxMetaspaceSize: unlimited
CompressedClassSpaceSize: 1.00 GB
Initial GC threshold: 21.00 MB
Current GC threshold: 150.12 MB
CDS: off
 - commit_granule_bytes: 65536.
 - commit_granule_words: 8192.
 - virtual_space_node_default_size: 8388608.
 - enlarge_chunks_in_place: 1.
 - use_allocation_guard: 0.


Internal statistics:

num_allocs_failed_limit: 9.
num_arena_births: 1806.
num_arena_deaths: 956.
num_vsnodes_births: 3.
num_vsnodes_deaths: 0.
num_space_committed: 1451.
num_space_uncommitted: 0.
num_chunks_returned_to_freelist: 1047.
num_chunks_taken_from_freelist: 5204.
num_chunk_merges: 213.
num_chunk_splits: 3215.
num_chunks_enlarged: 2529.
num_inconsistent_stats: 0.

CodeCache: size=49152Kb used=17874Kb max_used=19564Kb free=31277Kb
 bounds [0x00000252f0d20000, 0x00000252f2070000, 0x00000252f3d20000]
 total_blobs=9470 nmethods=8705 adapters=687
 compilation: enabled
              stopped_count=0, restarted_count=0
 full_count=0

Compilation events (20 events):
Event: 2197.403 Thread 0x000002528536ba30 12235       1       org.springframework.data.projection.DefaultProjectionInformation$PropertyDescriptorSource$$Lambda/0x00000000bca22d68::apply (12 bytes)
Event: 2197.403 Thread 0x000002528409afa0 nmethod 12233 0x00000252f1b29290 code [0x00000252f1b29440, 0x00000252f1b29730]
Event: 2197.404 Thread 0x0000025284bf8a60 12236       1       org.springframework.data.projection.DefaultProjectionInformation$PropertyDescriptorSource::fromMetadata (21 bytes)
Event: 2197.404 Thread 0x000002528409afa0 12237       1       org.springframework.data.projection.DefaultProjectionInformation$PropertyDescriptorSource$$Lambda/0x00000000bca22fa8::<init> (10 bytes)
Event: 2197.405 Thread 0x0000025287996030 nmethod 12231 0x00000252f10cc110 code [0x00000252f10cc3a0, 0x00000252f10ccd78]
Event: 2197.405 Thread 0x000002528409afa0 nmethod 12237 0x00000252f157ce10 code [0x00000252f157cfa0, 0x00000252f157d0b8]
Event: 2197.405 Thread 0x000002528536ba30 nmethod 12235 0x00000252f10cb510 code [0x00000252f10cb740, 0x00000252f10cbcd0]
Event: 2197.406 Thread 0x0000025284bf8a60 nmethod 12236 0x00000252f10caa10 code [0x00000252f10cac40, 0x00000252f10cb160]
Event: 2197.406 Thread 0x000002528409afa0 12238       1       org.springframework.data.util.StreamUtils$$Lambda/0x00000000bca23640::apply (8 bytes)
Event: 2197.406 Thread 0x000002528409afa0 nmethod 12238 0x00000252f1cde610 code [0x00000252f1cde7c0, 0x00000252f1cde8f8]
Event: 2197.439 Thread 0x0000025287996030 12239       1       java.lang.invoke.LambdaForm$MH/0x00000000bcb80000::invoke (57 bytes)
Event: 2197.439 Thread 0x0000025287996030 nmethod 12239 0x00000252f1aa3290 code [0x00000252f1aa3460, 0x00000252f1aa36a0]
Event: 2197.443 Thread 0x0000025287996030 12240       1       java.lang.invoke.LambdaForm$MH/0x00000000bcaaa000::invoke (57 bytes)
Event: 2197.444 Thread 0x0000025287996030 nmethod 12240 0x00000252f1ab3e10 code [0x00000252f1ab3fe0, 0x00000252f1ab4220]
Event: 2197.462 Thread 0x000002528536ba30 12241   !   1       org.springframework.beans.AbstractPropertyAccessor::setPropertyValues (195 bytes)
Event: 2197.462 Thread 0x0000025287996030 12242       1       org.springframework.aop.framework.ProxyConfig::<init> (30 bytes)
Event: 2197.462 Thread 0x0000025287996030 nmethod 12242 0x00000252f15b4210 code [0x00000252f15b43a0, 0x00000252f15b4478]
Event: 2197.462 Thread 0x0000025287996030 12243       1       java.lang.invoke.LambdaForm$MH/0x00000000bcbec400::invoke (42 bytes)
Event: 2197.463 Thread 0x0000025287996030 nmethod 12243 0x00000252f10ca190 code [0x00000252f10ca380, 0x00000252f10ca6b8]
Event: 2197.463 Thread 0x000002528536ba30 nmethod 12241 0x00000252f10c8e10 code [0x00000252f10c90a0, 0x00000252f10c9ae8]

GC Heap History (20 events):
Event: 1793.519 GC heap before
{Heap before GC invocations=39 (full 3):
 garbage-first heap   total reserved 4155392K, committed 122880K, used 100321K [0x0000000702600000, 0x0000000800000000)
  region size 2048K, 35 young (71680K), 4 survivors (8192K)
 Metaspace       used 87697K, committed 88384K, reserved 1179648K
  class space    used 11533K, committed 11840K, reserved 1048576K
}
Event: 1793.527 GC heap after
{Heap after GC invocations=40 (full 3):
 garbage-first heap   total reserved 4155392K, committed 124928K, used 44245K [0x0000000702600000, 0x0000000800000000)
  region size 2048K, 4 young (8192K), 4 survivors (8192K)
 Metaspace       used 87697K, committed 88384K, reserved 1179648K
  class space    used 11533K, committed 11840K, reserved 1048576K
}
Event: 1921.294 GC heap before
{Heap before GC invocations=40 (full 3):
 garbage-first heap   total reserved 4155392K, committed 124928K, used 99541K [0x0000000702600000, 0x0000000800000000)
  region size 2048K, 31 young (63488K), 4 survivors (8192K)
 Metaspace       used 87884K, committed 88640K, reserved 1179648K
  class space    used 11557K, committed 11904K, reserved 1048576K
}
Event: 1921.301 GC heap after
{Heap after GC invocations=41 (full 3):
 garbage-first heap   total reserved 4155392K, committed 124928K, used 48828K [0x0000000702600000, 0x0000000800000000)
  region size 2048K, 3 young (6144K), 3 survivors (6144K)
 Metaspace       used 87884K, committed 88640K, reserved 1179648K
  class space    used 11557K, committed 11904K, reserved 1048576K
}
Event: 2070.690 GC heap before
{Heap before GC invocations=41 (full 3):
 garbage-first heap   total reserved 4155392K, committed 124928K, used 67260K [0x0000000702600000, 0x0000000800000000)
  region size 2048K, 13 young (26624K), 3 survivors (6144K)
 Metaspace       used 87886K, committed 88640K, reserved 1179648K
  class space    used 11557K, committed 11904K, reserved 1048576K
}
Event: 2070.733 GC heap after
{Heap after GC invocations=42 (full 4):
 garbage-first heap   total reserved 4155392K, committed 122880K, used 30339K [0x0000000702600000, 0x0000000800000000)
  region size 2048K, 0 young (0K), 0 survivors (0K)
 Metaspace       used 87710K, committed 88640K, reserved 1179648K
  class space    used 11510K, committed 11904K, reserved 1048576K
}
Event: 2072.097 GC heap before
{Heap before GC invocations=42 (full 4):
 garbage-first heap   total reserved 4155392K, committed 122880K, used 97923K [0x0000000702600000, 0x0000000800000000)
  region size 2048K, 34 young (69632K), 0 survivors (0K)
 Metaspace       used 88456K, committed 89152K, reserved 1179648K
  class space    used 11599K, committed 11904K, reserved 1048576K
}
Event: 2072.103 GC heap after
{Heap after GC invocations=43 (full 4):
 garbage-first heap   total reserved 4155392K, committed 122880K, used 37991K [0x0000000702600000, 0x0000000800000000)
  region size 2048K, 4 young (8192K), 4 survivors (8192K)
 Metaspace       used 88456K, committed 89152K, reserved 1179648K
  class space    used 11599K, committed 11904K, reserved 1048576K
}
Event: 2072.644 GC heap before
{Heap before GC invocations=44 (full 4):
 garbage-first heap   total reserved 4155392K, committed 122880K, used 99431K [0x0000000702600000, 0x0000000800000000)
  region size 2048K, 34 young (69632K), 4 survivors (8192K)
 Metaspace       used 89209K, committed 89920K, reserved 1179648K
  class space    used 11658K, committed 11968K, reserved 1048576K
}
Event: 2072.651 GC heap after
{Heap after GC invocations=45 (full 4):
 garbage-first heap   total reserved 4155392K, committed 122880K, used 44457K [0x0000000702600000, 0x0000000800000000)
  region size 2048K, 4 young (8192K), 4 survivors (8192K)
 Metaspace       used 89209K, committed 89920K, reserved 1179648K
  class space    used 11658K, committed 11968K, reserved 1048576K
}
Event: 2164.080 GC heap before
{Heap before GC invocations=45 (full 4):
 garbage-first heap   total reserved 4155392K, committed 122880K, used 95657K [0x0000000702600000, 0x0000000800000000)
  region size 2048K, 30 young (61440K), 4 survivors (8192K)
 Metaspace       used 89443K, committed 90176K, reserved 1179648K
  class space    used 11685K, committed 12032K, reserved 1048576K
}
Event: 2164.125 GC heap after
{Heap after GC invocations=46 (full 5):
 garbage-first heap   total reserved 4155392K, committed 122880K, used 33153K [0x0000000702600000, 0x0000000800000000)
  region size 2048K, 0 young (0K), 0 survivors (0K)
 Metaspace       used 89377K, committed 90176K, reserved 1179648K
  class space    used 11668K, committed 12032K, reserved 1048576K
}
Event: 2164.872 GC heap before
{Heap before GC invocations=46 (full 5):
 garbage-first heap   total reserved 4155392K, committed 122880K, used 96641K [0x0000000702600000, 0x0000000800000000)
  region size 2048K, 32 young (65536K), 0 survivors (0K)
 Metaspace       used 90026K, committed 90816K, reserved 1179648K
  class space    used 11731K, committed 12096K, reserved 1048576K
}
Event: 2164.876 GC heap after
{Heap after GC invocations=47 (full 5):
 garbage-first heap   total reserved 4155392K, committed 122880K, used 39297K [0x0000000702600000, 0x0000000800000000)
  region size 2048K, 3 young (6144K), 3 survivors (6144K)
 Metaspace       used 90026K, committed 90816K, reserved 1179648K
  class space    used 11731K, committed 12096K, reserved 1048576K
}
Event: 2165.686 GC heap before
{Heap before GC invocations=48 (full 5):
 garbage-first heap   total reserved 4155392K, committed 122880K, used 100737K [0x0000000702600000, 0x0000000800000000)
  region size 2048K, 33 young (67584K), 3 survivors (6144K)
 Metaspace       used 90682K, committed 91392K, reserved 1179648K
  class space    used 11765K, committed 12096K, reserved 1048576K
}
Event: 2165.693 GC heap after
{Heap after GC invocations=49 (full 5):
 garbage-first heap   total reserved 4155392K, committed 122880K, used 46021K [0x0000000702600000, 0x0000000800000000)
  region size 2048K, 4 young (8192K), 4 survivors (8192K)
 Metaspace       used 90682K, committed 91392K, reserved 1179648K
  class space    used 11765K, committed 12096K, reserved 1048576K
}
Event: 2196.278 GC heap before
{Heap before GC invocations=49 (full 5):
 garbage-first heap   total reserved 4155392K, committed 122880K, used 91077K [0x0000000702600000, 0x0000000800000000)
  region size 2048K, 27 young (55296K), 4 survivors (8192K)
 Metaspace       used 90872K, committed 91584K, reserved 1179648K
  class space    used 11777K, committed 12096K, reserved 1048576K
}
Event: 2196.325 GC heap after
{Heap after GC invocations=50 (full 6):
 garbage-first heap   total reserved 4155392K, committed 122880K, used 33927K [0x0000000702600000, 0x0000000800000000)
  region size 2048K, 0 young (0K), 0 survivors (0K)
 Metaspace       used 90864K, committed 91584K, reserved 1179648K
  class space    used 11775K, committed 12096K, reserved 1048576K
}
Event: 2197.044 GC heap before
{Heap before GC invocations=50 (full 6):
 garbage-first heap   total reserved 4155392K, committed 122880K, used 97415K [0x0000000702600000, 0x0000000800000000)
  region size 2048K, 31 young (63488K), 0 survivors (0K)
 Metaspace       used 91495K, committed 92224K, reserved 1179648K
  class space    used 11835K, committed 12160K, reserved 1048576K
}
Event: 2197.048 GC heap after
{Heap after GC invocations=51 (full 6):
 garbage-first heap   total reserved 4155392K, committed 122880K, used 39910K [0x0000000702600000, 0x0000000800000000)
  region size 2048K, 3 young (6144K), 3 survivors (6144K)
 Metaspace       used 91495K, committed 92224K, reserved 1179648K
  class space    used 11835K, committed 12160K, reserved 1048576K
}

Dll operation events (12 events):
Event: 0.009 Loaded shared library C:\Users\Admin\.p2\pool\plugins\org.eclipse.justj.openjdk.hotspot.jre.full.win32.x86_64_22.0.2.v20240802-1626\jre\bin\java.dll
Event: 0.014 Loaded shared library C:\Users\Admin\.p2\pool\plugins\org.eclipse.justj.openjdk.hotspot.jre.full.win32.x86_64_22.0.2.v20240802-1626\jre\bin\zip.dll
Event: 0.354 Loaded shared library C:\Users\Admin\.p2\pool\plugins\org.eclipse.justj.openjdk.hotspot.jre.full.win32.x86_64_22.0.2.v20240802-1626\jre\bin\instrument.dll
Event: 0.363 Loaded shared library C:\Users\Admin\.p2\pool\plugins\org.eclipse.justj.openjdk.hotspot.jre.full.win32.x86_64_22.0.2.v20240802-1626\jre\bin\net.dll
Event: 0.364 Loaded shared library C:\Users\Admin\.p2\pool\plugins\org.eclipse.justj.openjdk.hotspot.jre.full.win32.x86_64_22.0.2.v20240802-1626\jre\bin\nio.dll
Event: 0.371 Loaded shared library C:\Users\Admin\.p2\pool\plugins\org.eclipse.justj.openjdk.hotspot.jre.full.win32.x86_64_22.0.2.v20240802-1626\jre\bin\zip.dll
Event: 0.508 Loaded shared library C:\Users\Admin\.p2\pool\plugins\org.eclipse.justj.openjdk.hotspot.jre.full.win32.x86_64_22.0.2.v20240802-1626\jre\bin\jimage.dll
Event: 0.549 Loaded shared library C:\Users\Admin\.p2\pool\plugins\org.eclipse.justj.openjdk.hotspot.jre.full.win32.x86_64_22.0.2.v20240802-1626\jre\bin\management.dll
Event: 0.560 Loaded shared library C:\Users\Admin\.p2\pool\plugins\org.eclipse.justj.openjdk.hotspot.jre.full.win32.x86_64_22.0.2.v20240802-1626\jre\bin\management_ext.dll
Event: 0.747 Loaded shared library C:\Users\Admin\.p2\pool\plugins\org.eclipse.justj.openjdk.hotspot.jre.full.win32.x86_64_22.0.2.v20240802-1626\jre\bin\extnet.dll
Event: 0.766 Loaded shared library C:\Users\Admin\.p2\pool\plugins\org.eclipse.justj.openjdk.hotspot.jre.full.win32.x86_64_22.0.2.v20240802-1626\jre\bin\verify.dll
Event: 1.875 Loaded shared library C:\Users\Admin\.p2\pool\plugins\org.eclipse.justj.openjdk.hotspot.jre.full.win32.x86_64_22.0.2.v20240802-1626\jre\bin\sunmscapi.dll

Deoptimization events (20 events):
Event: 2216.764 Thread 0x000002528603b8a0 DEOPT PACKING pc=0x00000252f1dfc0c4 sp=0x000000a8d27fee50
Event: 2216.764 Thread 0x000002528603fa40 DEOPT PACKING pc=0x00000252f1df9a6c sp=0x000000a8d2cfeee0
Event: 2216.764 Thread 0x000002528603fa40 DEOPT UNPACKING pc=0x00000252f0d74e42 sp=0x000000a8d2cfe3e0 mode 0
Event: 2216.764 Thread 0x000002528603b8a0 DEOPT UNPACKING pc=0x00000252f0d74e42 sp=0x000000a8d27fe2c8 mode 0
Event: 2216.765 Thread 0x000002528603b8a0 DEOPT PACKING pc=0x00000252f1dfbaa4 sp=0x000000a8d27feec0
Event: 2216.765 Thread 0x000002528603b8a0 DEOPT UNPACKING pc=0x00000252f0d74e42 sp=0x000000a8d27fe330 mode 0
Event: 2216.765 Thread 0x000002528603b8a0 DEOPT PACKING pc=0x00000252f1dfa634 sp=0x000000a8d27fef40
Event: 2216.765 Thread 0x000002528603b8a0 DEOPT UNPACKING pc=0x00000252f0d74e42 sp=0x000000a8d27fe4e0 mode 0
Event: 2216.766 Thread 0x000002528603b8a0 DEOPT PACKING pc=0x00000252f1df7fa4 sp=0x000000a8d27ff0b0
Event: 2216.766 Thread 0x000002528603b8a0 DEOPT UNPACKING pc=0x00000252f0d74e42 sp=0x000000a8d27fe608 mode 0
Event: 2216.767 Thread 0x000002528603b8a0 DEOPT PACKING pc=0x00000252f1df94ec sp=0x000000a8d27ff1e0
Event: 2216.767 Thread 0x000002528603b8a0 DEOPT UNPACKING pc=0x00000252f0d74e42 sp=0x000000a8d27fe670 mode 0
Event: 2216.767 Thread 0x000002528603b8a0 DEOPT PACKING pc=0x00000252f1df9a6c sp=0x000000a8d27ff210
Event: 2216.767 Thread 0x000002528603b8a0 DEOPT UNPACKING pc=0x00000252f0d74e42 sp=0x000000a8d27fe710 mode 0
Event: 2216.777 Thread 0x0000025286039140 DEOPT PACKING pc=0x00000252f0f68c24 sp=0x000000a8d37ff150
Event: 2216.777 Thread 0x0000025286039140 DEOPT UNPACKING pc=0x00000252f0d74e42 sp=0x000000a8d37fe618 mode 0
Event: 2216.777 Thread 0x0000025286039140 DEOPT PACKING pc=0x00000252f0f69144 sp=0x000000a8d37ff1e0
Event: 2216.777 Thread 0x0000025286039140 DEOPT UNPACKING pc=0x00000252f0d74e42 sp=0x000000a8d37fe698 mode 0
Event: 2221.330 Thread 0x000002528542da70 DEOPT PACKING pc=0x00000252f1df9a04 sp=0x000000a8d3bff0b0
Event: 2221.330 Thread 0x000002528542da70 DEOPT UNPACKING pc=0x00000252f0d74e42 sp=0x000000a8d3bfe5b0 mode 0

Classes loaded (20 events):
Event: 191.736 Loading class java/lang/ref/Finalizer$2
Event: 191.737 Loading class java/lang/ref/Finalizer$2 done
Event: 191.737 Loading class java/lang/ref/Finalizer$1
Event: 191.737 Loading class java/lang/ref/Finalizer$1 done
Event: 192.092 Loading class java/util/WeakHashMap$EntrySet
Event: 192.093 Loading class java/util/WeakHashMap$EntrySet done
Event: 192.093 Loading class java/util/WeakHashMap$EntryIterator
Event: 192.093 Loading class java/util/WeakHashMap$EntryIterator done
Event: 200.301 Loading class java/util/MapEditor
Event: 200.301 Loading class java/util/MapEditor done
Event: 1056.137 Loading class java/time/DurationEditor
Event: 1056.137 Loading class java/time/DurationEditor done
Event: 1079.719 Loading class java/util/MapEditor
Event: 1079.719 Loading class java/util/MapEditor done
Event: 1793.584 Loading class java/time/DurationEditor
Event: 1793.584 Loading class java/time/DurationEditor done
Event: 2072.742 Loading class java/time/DurationEditor
Event: 2072.742 Loading class java/time/DurationEditor done
Event: 2165.776 Loading class java/time/DurationEditor
Event: 2165.776 Loading class java/time/DurationEditor done

Classes unloaded (20 events):
Event: 2164.904 Thread 0x00000252fb87d3d0 Unloading class 0x00000000bc204c00 'java/lang/invoke/LambdaForm$MH+0x00000000bc204c00'
Event: 2164.904 Thread 0x00000252fb87d3d0 Unloading class 0x00000000bcb0e000 'java/lang/invoke/LambdaForm$MH+0x00000000bcb0e000'
Event: 2164.904 Thread 0x00000252fb87d3d0 Unloading class 0x00000000bcad0800 'java/lang/invoke/LambdaForm$MH+0x00000000bcad0800'
Event: 2164.904 Thread 0x00000252fb87d3d0 Unloading class 0x00000000bca20400 'java/lang/invoke/LambdaForm$MH+0x00000000bca20400'
Event: 2164.904 Thread 0x00000252fb87d3d0 Unloading class 0x00000000bc5dc400 'java/lang/invoke/LambdaForm$MH+0x00000000bc5dc400'
Event: 2164.904 Thread 0x00000252fb87d3d0 Unloading class 0x00000000bc5b9400 'java/lang/invoke/LambdaForm$MH+0x00000000bc5b9400'
Event: 2164.904 Thread 0x00000252fb87d3d0 Unloading class 0x00000000bc570c00 'java/lang/invoke/LambdaForm$MH+0x00000000bc570c00'
Event: 2164.904 Thread 0x00000252fb87d3d0 Unloading class 0x00000000bc519000 'java/lang/invoke/LambdaForm$BMH+0x00000000bc519000'
Event: 2164.904 Thread 0x00000252fb87d3d0 Unloading class 0x00000000bc19c800 'java/lang/invoke/LambdaForm$MH+0x00000000bc19c800'
Event: 2164.904 Thread 0x00000252fb87d3d0 Unloading class 0x00000000bc186800 'java/lang/invoke/LambdaForm$MH+0x00000000bc186800'
Event: 2164.904 Thread 0x00000252fb87d3d0 Unloading class 0x00000000bc185800 'java/lang/invoke/LambdaForm$MH+0x00000000bc185800'
Event: 2164.904 Thread 0x00000252fb87d3d0 Unloading class 0x00000000bcb82400 'java/lang/invoke/LambdaForm$MH+0x00000000bcb82400'
Event: 2164.904 Thread 0x00000252fb87d3d0 Unloading class 0x00000000bcba0000 'java/lang/invoke/LambdaForm$MH+0x00000000bcba0000'
Event: 2164.904 Thread 0x00000252fb87d3d0 Unloading class 0x00000000bcba1000 'java/lang/invoke/LambdaForm$MH+0x00000000bcba1000'
Event: 2164.904 Thread 0x00000252fb87d3d0 Unloading class 0x00000000bcba3800 'java/lang/invoke/LambdaForm$MH+0x00000000bcba3800'
Event: 2164.904 Thread 0x00000252fb87d3d0 Unloading class 0x00000000bc4da400 'java/lang/invoke/LambdaForm$MH+0x00000000bc4da400'
Event: 2196.292 Thread 0x00000252fb87d3d0 Unloading class 0x00000000bcbcb800 'org/apache/catalina/loader/JdbcLeakPrevention'
Event: 2196.293 Thread 0x00000252fb87d3d0 Unloading class 0x00000000bcba9000 'java/lang/invoke/LambdaForm$MH+0x00000000bcba9000'
Event: 2196.293 Thread 0x00000252fb87d3d0 Unloading class 0x00000000bc530800 'java/lang/invoke/LambdaForm$MH+0x00000000bc530800'
Event: 2196.293 Thread 0x00000252fb87d3d0 Unloading class 0x00000000bcb81800 'java/lang/invoke/LambdaForm$MH+0x00000000bcb81800'

Classes redefined (3 events):
Event: 190.069 Thread 0x00000252fb87d3d0 redefined class name=com.suveechi.integration.controller.QSPackingController, count=1
Event: 1052.895 Thread 0x00000252fb87d3d0 redefined class name=com.suveechi.integration.controller.QSPackingController, count=2
Event: 1052.895 Thread 0x00000252fb87d3d0 redefined class name=com.suveechi.integration.controller.QSPackingController, count=1

Internal exceptions (20 events):
Event: 2164.491 Thread 0x0000025285e7bc00 Exception <a 'java/lang/NoClassDefFoundError'{0x000000070737d8b0}: liquibase/integration/spring/SpringLiquibase> (0x000000070737d8b0) 
thrown [s\src\hotspot\share\oops\constantPool.cpp, line 872]
Event: 2164.497 Thread 0x0000025285e7bc00 Exception <a 'java/lang/NoClassDefFoundError'{0x000000070702db68}: org/jooq/DSLContext> (0x000000070702db68) 
thrown [s\src\hotspot\share\oops\constantPool.cpp, line 872]
Event: 2164.498 Thread 0x0000025285e7bc00 Exception <a 'java/lang/NoClassDefFoundError'{0x0000000707046578}: org/springframework/batch/core/repository/JobRepository> (0x0000000707046578) 
thrown [s\src\hotspot\share\oops\constantPool.cpp, line 872]
Event: 2164.499 Thread 0x0000025285e7bc00 Exception <a 'java/lang/NoClassDefFoundError'{0x0000000707046bd0}: org/quartz/Scheduler> (0x0000000707046bd0) 
thrown [s\src\hotspot\share\oops\constantPool.cpp, line 872]
Event: 2164.500 Thread 0x0000025285e7bc00 Exception <a 'java/lang/NoClassDefFoundError'{0x0000000707047250}: org/springframework/session/jdbc/JdbcIndexedSessionRepository> (0x0000000707047250) 
thrown [s\src\hotspot\share\oops\constantPool.cpp, line 872]
Event: 2164.555 Thread 0x0000025285e7bc00 Exception <a 'java/io/FileNotFoundException'{0x00000007068b4a10}> (0x00000007068b4a10) 
thrown [s\src\hotspot\share\prims\jni.cpp, line 520]
Event: 2164.575 Thread 0x0000025285e7bc00 Exception <a 'java/io/FileNotFoundException'{0x00000007067469e8}> (0x00000007067469e8) 
thrown [s\src\hotspot\share\prims\jni.cpp, line 520]
Event: 2164.959 Thread 0x0000025285e7bc00 Exception <a 'java/lang/NoSuchMethodError'{0x0000000708fb1320}: 'void java.lang.invoke.DelegatingMethodHandle$Holder.reinvoke_L(java.lang.Object, java.lang.Object, int)'> (0x0000000708fb1320) 
thrown [s\src\hotspot\share\interpreter\linkResolver.cpp, line 774]
Event: 2165.939 Thread 0x0000025285e7bc00 Exception <a 'java/io/FileNotFoundException'{0x0000000707dee570}> (0x0000000707dee570) 
thrown [s\src\hotspot\share\prims\jni.cpp, line 520]
Event: 2165.939 Thread 0x0000025285e7bc00 Exception <a 'java/io/FileNotFoundException'{0x0000000707df84c0}> (0x0000000707df84c0) 
thrown [s\src\hotspot\share\prims\jni.cpp, line 520]
Event: 2196.278 Thread 0x0000025285e7dcd0 Exception <a 'java/lang/InterruptedException'{0x0000000707085b00}: sleep interrupted> (0x0000000707085b00) 
thrown [s\src\hotspot\share\prims\jvm.cpp, line 3093]
Event: 2196.337 Thread 0x000002528603f3b0 Exception <a 'sun/nio/fs/WindowsException'{0x0000000709c84438}> (0x0000000709c84438) 
thrown [s\src\hotspot\share\prims\jni.cpp, line 520]
Event: 2196.662 Thread 0x000002528603f3b0 Exception <a 'java/lang/NoClassDefFoundError'{0x000000070735cfd8}: org/flywaydb/core/Flyway> (0x000000070735cfd8) 
thrown [s\src\hotspot\share\oops\constantPool.cpp, line 872]
Event: 2196.664 Thread 0x000002528603f3b0 Exception <a 'java/lang/NoClassDefFoundError'{0x000000070735d638}: liquibase/integration/spring/SpringLiquibase> (0x000000070735d638) 
thrown [s\src\hotspot\share\oops\constantPool.cpp, line 872]
Event: 2196.670 Thread 0x000002528603f3b0 Exception <a 'java/lang/NoClassDefFoundError'{0x000000070700d928}: org/jooq/DSLContext> (0x000000070700d928) 
thrown [s\src\hotspot\share\oops\constantPool.cpp, line 872]
Event: 2196.672 Thread 0x000002528603f3b0 Exception <a 'java/lang/NoClassDefFoundError'{0x0000000707026320}: org/springframework/batch/core/repository/JobRepository> (0x0000000707026320) 
thrown [s\src\hotspot\share\oops\constantPool.cpp, line 872]
Event: 2196.673 Thread 0x000002528603f3b0 Exception <a 'java/lang/NoClassDefFoundError'{0x0000000707026978}: org/quartz/Scheduler> (0x0000000707026978) 
thrown [s\src\hotspot\share\oops\constantPool.cpp, line 872]
Event: 2196.673 Thread 0x000002528603f3b0 Exception <a 'java/lang/NoClassDefFoundError'{0x0000000707026ff8}: org/springframework/session/jdbc/JdbcIndexedSessionRepository> (0x0000000707026ff8) 
thrown [s\src\hotspot\share\oops\constantPool.cpp, line 872]
Event: 2196.726 Thread 0x000002528603f3b0 Exception <a 'java/io/FileNotFoundException'{0x0000000706893dd8}> (0x0000000706893dd8) 
thrown [s\src\hotspot\share\prims\jni.cpp, line 520]
Event: 2196.748 Thread 0x000002528603f3b0 Exception <a 'java/io/FileNotFoundException'{0x00000007067273a8}> (0x00000007067273a8) 
thrown [s\src\hotspot\share\prims\jni.cpp, line 520]

ZGC Phase Switch (0 events):
No events

VM Operations (20 events):
Event: 2207.164 Executing VM operation: get/set locals
Event: 2207.164 Executing VM operation: get/set locals done
Event: 2212.672 Executing VM operation: ChangeBreakpoints
Event: 2212.674 Executing VM operation: ChangeBreakpoints done
Event: 2215.168 Executing VM operation: ChangeBreakpoints
Event: 2215.171 Executing VM operation: ChangeBreakpoints done
Event: 2215.173 Executing VM operation: ChangeBreakpoints
Event: 2215.176 Executing VM operation: ChangeBreakpoints done
Event: 2215.179 Executing VM operation: ChangeBreakpoints
Event: 2215.181 Executing VM operation: ChangeBreakpoints done
Event: 2215.183 Executing VM operation: ChangeBreakpoints
Event: 2215.185 Executing VM operation: ChangeBreakpoints done
Event: 2215.186 Executing VM operation: ChangeBreakpoints
Event: 2215.188 Executing VM operation: ChangeBreakpoints done
Event: 2215.191 Executing VM operation: ChangeBreakpoints
Event: 2215.193 Executing VM operation: ChangeBreakpoints done
Event: 2224.645 Executing VM operation: HandshakeAllThreads (HandshakeForDeflation)
Event: 2224.645 Executing VM operation: HandshakeAllThreads (HandshakeForDeflation) done
Event: 2224.645 Executing VM operation: RendezvousGCThreads
Event: 2224.645 Executing VM operation: RendezvousGCThreads done

Memory protections (0 events):
No events

Nmethod flushes (20 events):
Event: 2196.303 Thread 0x00000252fb87d3d0 flushing  nmethod 0x00000252f19b5a10
Event: 2196.303 Thread 0x00000252fb87d3d0 flushing  nmethod 0x00000252f19bb790
Event: 2196.303 Thread 0x00000252fb87d3d0 flushing  nmethod 0x00000252f1a36d90
Event: 2196.303 Thread 0x00000252fb87d3d0 flushing  nmethod 0x00000252f1a70c90
Event: 2196.303 Thread 0x00000252fb87d3d0 flushing  nmethod 0x00000252f1a79e90
Event: 2196.303 Thread 0x00000252fb87d3d0 flushing  nmethod 0x00000252f1a98590
Event: 2196.303 Thread 0x00000252fb87d3d0 flushing  nmethod 0x00000252f1ac6910
Event: 2196.303 Thread 0x00000252fb87d3d0 flushing  nmethod 0x00000252f1b1b490
Event: 2196.303 Thread 0x00000252fb87d3d0 flushing  nmethod 0x00000252f1c15f90
Event: 2196.303 Thread 0x00000252fb87d3d0 flushing  nmethod 0x00000252f1c28f10
Event: 2196.303 Thread 0x00000252fb87d3d0 flushing  nmethod 0x00000252f1c5bc90
Event: 2196.303 Thread 0x00000252fb87d3d0 flushing  nmethod 0x00000252f1c5c790
Event: 2196.303 Thread 0x00000252fb87d3d0 flushing  nmethod 0x00000252f1c5cb90
Event: 2196.303 Thread 0x00000252fb87d3d0 flushing  nmethod 0x00000252f1cec290
Event: 2196.303 Thread 0x00000252fb87d3d0 flushing  nmethod 0x00000252f1d19410
Event: 2196.303 Thread 0x00000252fb87d3d0 flushing  nmethod 0x00000252f1e4a710
Event: 2196.303 Thread 0x00000252fb87d3d0 flushing  nmethod 0x00000252f1e4ad90
Event: 2196.303 Thread 0x00000252fb87d3d0 flushing  nmethod 0x00000252f1e5bd10
Event: 2196.303 Thread 0x00000252fb87d3d0 flushing  nmethod 0x00000252f1e69f10
Event: 2196.303 Thread 0x00000252fb87d3d0 flushing  nmethod 0x00000252f1f04890

Events (20 events):
Event: 2196.274 Thread 0x000002528603ab80 Thread exited: 0x000002528603ab80
Event: 2196.274 Thread 0x0000025285e7fda0 Thread exited: 0x0000025285e7fda0
Event: 2196.274 Thread 0x000002528603d2e0 Thread exited: 0x000002528603d2e0
Event: 2196.278 Thread 0x0000025285e7cfb0 Thread exited: 0x0000025285e7cfb0
Event: 2196.278 Thread 0x0000025285e7c920 Thread exited: 0x0000025285e7c920
Event: 2196.278 Thread 0x0000025285e7dcd0 Thread exited: 0x0000025285e7dcd0
Event: 2196.325 Thread 0x000002528603cc50 Thread added: 0x0000025286039e60
Event: 2196.326 Thread 0x0000025286039e60 Thread exited: 0x0000025286039e60
Event: 2196.326 Thread 0x000002528603cc50 Thread added: 0x000002528603f3b0
Event: 2196.397 Thread 0x000002528603f3b0 Thread added: 0x0000025286039140
Event: 2196.425 Thread 0x0000025286039140 Thread exited: 0x0000025286039140
Event: 2196.659 Thread 0x000002528409afa0 Thread added: 0x0000025287996030
Event: 2196.748 Thread 0x000002528603f3b0 Thread added: 0x000002528603b8a0
Event: 2196.749 Thread 0x000002528603f3b0 Thread added: 0x000002528603fa40
Event: 2196.749 Thread 0x000002528603f3b0 Thread added: 0x0000025286039140
Event: 2197.030 Thread 0x0000025287996030 Thread added: 0x0000025284bf8a60
Event: 2197.030 Thread 0x0000025287996030 Thread added: 0x000002528536ba30
Event: 2202.463 Thread 0x000002528536ba30 Thread exited: 0x000002528536ba30
Event: 2207.468 Thread 0x0000025284bf8a60 Thread exited: 0x0000025284bf8a60
Event: 2207.468 Thread 0x0000025287996030 Thread exited: 0x0000025287996030


Dynamic libraries:
0x00007ff6b5410000 - 0x00007ff6b541e000 	C:\Users\Admin\.p2\pool\plugins\org.eclipse.justj.openjdk.hotspot.jre.full.win32.x86_64_22.0.2.v20240802-1626\jre\bin\javaw.exe
0x00007ffcbe510000 - 0x00007ffcbe708000 	C:\Windows\SYSTEM32\ntdll.dll
0x00007ffcbdfb0000 - 0x00007ffcbe072000 	C:\Windows\System32\KERNEL32.DLL
0x00007ffcbb5a0000 - 0x00007ffcbb89e000 	C:\Windows\System32\KERNELBASE.dll
0x00007ffcbba10000 - 0x00007ffcbbb10000 	C:\Windows\System32\ucrtbase.dll
0x00007ffc703c0000 - 0x00007ffc703d7000 	C:\Users\Admin\.p2\pool\plugins\org.eclipse.justj.openjdk.hotspot.jre.full.win32.x86_64_22.0.2.v20240802-1626\jre\bin\jli.dll
0x00007ffc946e0000 - 0x00007ffc946fb000 	C:\Users\Admin\.p2\pool\plugins\org.eclipse.justj.openjdk.hotspot.jre.full.win32.x86_64_22.0.2.v20240802-1626\jre\bin\VCRUNTIME140.dll
0x00007ffcbca80000 - 0x00007ffcbcc1d000 	C:\Windows\System32\USER32.dll
0x00007ffcbb8a0000 - 0x00007ffcbb8c2000 	C:\Windows\System32\win32u.dll
0x00007ffc9bf50000 - 0x00007ffc9c1ea000 	C:\Windows\WinSxS\amd64_microsoft.windows.common-controls_6595b64144ccf1df_6.0.19041.4355_none_60b8b9eb71f62e16\COMCTL32.dll
0x00007ffcbddd0000 - 0x00007ffcbddfb000 	C:\Windows\System32\GDI32.dll
0x00007ffcbe390000 - 0x00007ffcbe42e000 	C:\Windows\System32\msvcrt.dll
0x00007ffcbbb70000 - 0x00007ffcbbc87000 	C:\Windows\System32\gdi32full.dll
0x00007ffcbc110000 - 0x00007ffcbc1ad000 	C:\Windows\System32\msvcp_win.dll
0x00007ffcbe080000 - 0x00007ffcbe0af000 	C:\Windows\System32\IMM32.DLL
0x00007ffcb2cc0000 - 0x00007ffcb2ccc000 	C:\Users\Admin\.p2\pool\plugins\org.eclipse.justj.openjdk.hotspot.jre.full.win32.x86_64_22.0.2.v20240802-1626\jre\bin\vcruntime140_1.dll
0x00007ffc93f30000 - 0x00007ffc93fbe000 	C:\Users\Admin\.p2\pool\plugins\org.eclipse.justj.openjdk.hotspot.jre.full.win32.x86_64_22.0.2.v20240802-1626\jre\bin\msvcp140.dll
0x00007ffc703e0000 - 0x00007ffc711a3000 	C:\Users\Admin\.p2\pool\plugins\org.eclipse.justj.openjdk.hotspot.jre.full.win32.x86_64_22.0.2.v20240802-1626\jre\bin\server\jvm.dll
0x00007ffcbc790000 - 0x00007ffcbc841000 	C:\Windows\System32\ADVAPI32.dll
0x00007ffcbd580000 - 0x00007ffcbd61f000 	C:\Windows\System32\sechost.dll
0x00007ffcbe1f0000 - 0x00007ffcbe313000 	C:\Windows\System32\RPCRT4.dll
0x00007ffcbbb10000 - 0x00007ffcbbb37000 	C:\Windows\System32\bcrypt.dll
0x00007ffcbe320000 - 0x00007ffcbe38b000 	C:\Windows\System32\WS2_32.dll
0x00007ffcbcc20000 - 0x00007ffcbcc2a000 	C:\Windows\System32\VERSION.dll
0x00007ffcbb400000 - 0x00007ffcbb44b000 	C:\Windows\SYSTEM32\POWRPROF.dll
0x00007ffc99ea0000 - 0x00007ffc99ec7000 	C:\Windows\SYSTEM32\WINMM.dll
0x00007ffcbb3e0000 - 0x00007ffcbb3f2000 	C:\Windows\SYSTEM32\UMPDC.dll
0x00007ffcb9dd0000 - 0x00007ffcb9de2000 	C:\Windows\SYSTEM32\kernel.appcore.dll
0x00007ffc90190000 - 0x00007ffc9019a000 	C:\Users\Admin\.p2\pool\plugins\org.eclipse.justj.openjdk.hotspot.jre.full.win32.x86_64_22.0.2.v20240802-1626\jre\bin\jimage.dll
0x00007ffcb91f0000 - 0x00007ffcb93d4000 	C:\Windows\SYSTEM32\DBGHELP.DLL
0x00007ffc9fbb0000 - 0x00007ffc9fbe4000 	C:\Windows\SYSTEM32\dbgcore.DLL
0x00007ffcbb8d0000 - 0x00007ffcbb952000 	C:\Windows\System32\bcryptPrimitives.dll
0x00007ffc94620000 - 0x00007ffc9465c000 	C:\Users\Admin\.p2\pool\plugins\org.eclipse.justj.openjdk.hotspot.jre.full.win32.x86_64_22.0.2.v20240802-1626\jre\bin\jdwp.dll
0x00007ffc8f640000 - 0x00007ffc8f64f000 	C:\Users\Admin\.p2\pool\plugins\org.eclipse.justj.openjdk.hotspot.jre.full.win32.x86_64_22.0.2.v20240802-1626\jre\bin\instrument.dll
0x00007ffc703a0000 - 0x00007ffc703be000 	C:\Users\Admin\.p2\pool\plugins\org.eclipse.justj.openjdk.hotspot.jre.full.win32.x86_64_22.0.2.v20240802-1626\jre\bin\java.dll
0x00007ffcbce10000 - 0x00007ffcbd57d000 	C:\Windows\System32\SHELL32.dll
0x00007ffcbcc30000 - 0x00007ffcbcd5b000 	C:\Windows\System32\ole32.dll
0x00007ffcbd8f0000 - 0x00007ffcbdc43000 	C:\Windows\System32\combase.dll
0x00007ffc70380000 - 0x00007ffc70397000 	C:\Users\Admin\.p2\pool\plugins\org.eclipse.justj.openjdk.hotspot.jre.full.win32.x86_64_22.0.2.v20240802-1626\jre\bin\zip.dll
0x00007ffcb9610000 - 0x00007ffcb9db4000 	C:\Windows\SYSTEM32\windows.storage.dll
0x00007ffcbaf60000 - 0x00007ffcbaf8e000 	C:\Windows\SYSTEM32\Wldp.dll
0x00007ffcbd820000 - 0x00007ffcbd8ed000 	C:\Windows\System32\OLEAUT32.dll
0x00007ffcbc850000 - 0x00007ffcbc8fd000 	C:\Windows\System32\SHCORE.dll
0x00007ffcbc900000 - 0x00007ffcbc955000 	C:\Windows\System32\shlwapi.dll
0x00007ffcbb4d0000 - 0x00007ffcbb4f4000 	C:\Windows\SYSTEM32\profapi.dll
0x00007ffcb2fe0000 - 0x00007ffcb2fec000 	C:\Users\Admin\.p2\pool\plugins\org.eclipse.justj.openjdk.hotspot.jre.full.win32.x86_64_22.0.2.v20240802-1626\jre\bin\dt_socket.dll
0x00007ffcba950000 - 0x00007ffcba98b000 	C:\Windows\SYSTEM32\IPHLPAPI.DLL
0x00007ffcbac60000 - 0x00007ffcbacca000 	C:\Windows\system32\mswsock.dll
0x00007ffcba990000 - 0x00007ffcbaa5a000 	C:\Windows\SYSTEM32\DNSAPI.dll
0x00007ffcbd810000 - 0x00007ffcbd818000 	C:\Windows\System32\NSI.dll
0x00007ffca7db0000 - 0x00007ffca7dba000 	C:\Windows\System32\rasadhlp.dll
0x00007ffca7e80000 - 0x00007ffca7f00000 	C:\Windows\System32\fwpuclnt.dll
0x00007ffc8ef80000 - 0x00007ffc8ef90000 	C:\Users\Admin\.p2\pool\plugins\org.eclipse.justj.openjdk.hotspot.jre.full.win32.x86_64_22.0.2.v20240802-1626\jre\bin\net.dll
0x00007ffc70360000 - 0x00007ffc70376000 	C:\Users\Admin\.p2\pool\plugins\org.eclipse.justj.openjdk.hotspot.jre.full.win32.x86_64_22.0.2.v20240802-1626\jre\bin\nio.dll
0x00007ffcb1440000 - 0x00007ffcb144a000 	C:\Users\Admin\.p2\pool\plugins\org.eclipse.justj.openjdk.hotspot.jre.full.win32.x86_64_22.0.2.v20240802-1626\jre\bin\management.dll
0x00007ffca8800000 - 0x00007ffca880b000 	C:\Users\Admin\.p2\pool\plugins\org.eclipse.justj.openjdk.hotspot.jre.full.win32.x86_64_22.0.2.v20240802-1626\jre\bin\management_ext.dll
0x00007ffcbc310000 - 0x00007ffcbc318000 	C:\Windows\System32\PSAPI.DLL
0x00007ffc9b940000 - 0x00007ffc9b957000 	C:\Windows\system32\napinsp.dll
0x00007ffc9b8f0000 - 0x00007ffc9b90b000 	C:\Windows\system32\pnrpnsp.dll
0x00007ffc9b8d0000 - 0x00007ffc9b8e5000 	C:\Windows\system32\wshbth.dll
0x00007ffcb2240000 - 0x00007ffcb225d000 	C:\Windows\system32\NLAapi.dll
0x00007ffc9b8b0000 - 0x00007ffc9b8c2000 	C:\Windows\System32\winrnr.dll
0x00007ffcbae50000 - 0x00007ffcbae68000 	C:\Windows\SYSTEM32\CRYPTSP.dll
0x00007ffcba590000 - 0x00007ffcba5c4000 	C:\Windows\system32\rsaenh.dll
0x00007ffcbb490000 - 0x00007ffcbb4be000 	C:\Windows\SYSTEM32\USERENV.dll
0x00007ffcbae70000 - 0x00007ffcbae7c000 	C:\Windows\SYSTEM32\CRYPTBASE.dll
0x00007ffc946d0000 - 0x00007ffc946d9000 	C:\Users\Admin\.p2\pool\plugins\org.eclipse.justj.openjdk.hotspot.jre.full.win32.x86_64_22.0.2.v20240802-1626\jre\bin\extnet.dll
0x00007ffc8e3a0000 - 0x00007ffc8e3b0000 	C:\Users\Admin\.p2\pool\plugins\org.eclipse.justj.openjdk.hotspot.jre.full.win32.x86_64_22.0.2.v20240802-1626\jre\bin\verify.dll
0x00007ffcb2d70000 - 0x00007ffcb2d7e000 	C:\Users\Admin\.p2\pool\plugins\org.eclipse.justj.openjdk.hotspot.jre.full.win32.x86_64_22.0.2.v20240802-1626\jre\bin\sunmscapi.dll
0x00007ffcbbfb0000 - 0x00007ffcbc10c000 	C:\Windows\System32\CRYPT32.dll
0x00007ffcbafd0000 - 0x00007ffcbaff7000 	C:\Windows\SYSTEM32\ncrypt.dll
0x00007ffcbaf90000 - 0x00007ffcbafcb000 	C:\Windows\SYSTEM32\NTASN1.dll
0x00007ffc96c00000 - 0x00007ffc96c07000 	C:\Windows\system32\wshunix.dll

dbghelp: loaded successfully - version: 4.0.5 - missing functions: none
symbol engine: initialized successfully - sym options: 0x614 - pdb path: .;C:\Users\Admin\.p2\pool\plugins\org.eclipse.justj.openjdk.hotspot.jre.full.win32.x86_64_22.0.2.v20240802-1626\jre\bin;C:\Windows\SYSTEM32;C:\Windows\WinSxS\amd64_microsoft.windows.common-controls_6595b64144ccf1df_6.0.19041.4355_none_60b8b9eb71f62e16;C:\Users\Admin\.p2\pool\plugins\org.eclipse.justj.openjdk.hotspot.jre.full.win32.x86_64_22.0.2.v20240802-1626\jre\bin\server

VM Arguments:
jvm_args: -XX:+ShowCodeDetailsInExceptionMessages -agentlib:jdwp=transport=dt_socket,suspend=y,address=localhost:59613 -Dcom.sun.management.jmxremote -Dcom.sun.management.jmxremote.port=59612 -Dcom.sun.management.jmxremote.authenticate=false -Dcom.sun.management.jmxremote.ssl=false -Djava.rmi.server.hostname=localhost -Dspring.jmx.enabled=true -Dmanagement.endpoints.jmx.exposure.include=* -Dspring.application.admin.enabled=true -XX:TieredStopAtLevel=1 -Dspring.boot.project.name=JSSL-Integration -javaagent:C:\Users\Admin\eclipse\jee-2024-06\eclipse\configuration\org.eclipse.osgi\448\0\.cp\lib\javaagent-shaded.jar -Dfile.encoding=UTF-8 -Dstdout.encoding=UTF-8 -Dstderr.encoding=UTF-8 
java_command: com.suveechi.integration.JsslIntegrationApplication --spring.output.ansi.enabled=always
java_class_path (initial): D:\JSSL\JSSL-Integration\target\classes;C:\Users\Admin\.m2\repository\org\springframework\boot\spring-boot-starter-data-jpa\3.3.5\spring-boot-starter-data-jpa-3.3.5.jar;C:\Users\Admin\.m2\repository\org\springframework\boot\spring-boot-starter-aop\3.3.5\spring-boot-starter-aop-3.3.5.jar;C:\Users\Admin\.m2\repository\org\aspectj\aspectjweaver\1.9.22.1\aspectjweaver-1.9.22.1.jar;C:\Users\Admin\.m2\repository\org\springframework\boot\spring-boot-starter-jdbc\3.3.5\spring-boot-starter-jdbc-3.3.5.jar;C:\Users\Admin\.m2\repository\com\zaxxer\HikariCP\5.1.0\HikariCP-5.1.0.jar;C:\Users\Admin\.m2\repository\org\springframework\spring-jdbc\6.1.14\spring-jdbc-6.1.14.jar;C:\Users\Admin\.m2\repository\org\hibernate\orm\hibernate-core\6.5.3.Final\hibernate-core-6.5.3.Final.jar;C:\Users\Admin\.m2\repository\jakarta\persistence\jakarta.persistence-api\3.1.0\jakarta.persistence-api-3.1.0.jar;C:\Users\Admin\.m2\repository\jakarta\transaction\jakarta.transaction-api\2.0.1\jakarta.transaction-api-2.0.1.jar;C:\Users\Admin\.m2\repository\org\jboss\logging\jboss-logging\3.5.3.Final\jboss-logging-3.5.3.Final.jar;C:\Users\Admin\.m2\repository\org\hibernate\common\hibernate-commons-annotations\6.0.6.Final\hibernate-commons-annotations-6.0.6.Final.jar;C:\Users\Admin\.m2\repository\io\smallrye\jandex\3.1.2\jandex-3.1.2.jar;C:\Users\Admin\.m2\repository\com\fasterxml\classmate\1.7.0\classmate-1.7.0.jar;C:\Users\Admin\.m2\repository\net\bytebuddy\byte-buddy\1.14.19\byte-buddy-1.14.19.jar;C:\Users\Admin\.m2\repository\org\glassfish\jaxb\jaxb-runtime\4.0.5\jaxb-runtime-4.0.5.jar;C:\Users\Admin\.m2\repository\org\glassfish\jaxb\jaxb-core\4.0.5\jaxb-core-4.0.5.jar;C:\Users\Admin\.m2\repository\org\glassfish\jaxb\txw2\4.0.5\txw2-4.0.5.jar;C:\Users\Admin\.m2\repository\com\sun\istack\istack-commons-runtime\4.1.2\istack-commons-runtime-4.1.2.jar;C:\Users\Admin\.m2\repository\jakarta\inject\jakarta.inject-api\2.0.1\jakarta.inject-api-2.0.1.jar;C:\Users\Admin\.m2\repository\org\antlr\antlr4-runtime\4.13.0\antlr4-runtime-4.13.0.jar;C:\Users\Admin\.m2\repository\org\springframework\data\spring-data-jpa\3.3.5\spring-data-jpa-3.3.5.jar;C:\Users\Admin\.m2\repository\org\springframework\data\spring-data-commons\3.3.5\spring-data-commons-3.3.5.jar;C:\Users\Admin\.m2\repository\org\springframework\spring-orm\6.1.14\spring-orm-6.1.14.jar;C:\Users\Admin\.m2\repository\org\springframework\spring-context\6.1.14\spring-context-6.1.14.jar;C:\Users\Admin\.m2\repository\org\springframework\spring-tx\6.1.14\spring-tx-6.1.14.jar;C:\Users\Admin\.m2\repository\org\springframework\spring-beans\6.1.14\spring-beans-6.1.14.jar;C:\Users\Admin\.m2\repository\jakarta\annotation\jakarta.annotation-api\2.1.1\jakarta.annotation-api-2.1.1.jar;C:\Users\Admin\.m2\repository\org\slf4j\slf4j-api\2.0.16\slf4j-api-2.0.16.jar;C:\Users\Admin\.m2\repository\org\springframework\spring-aspects\6.1.14\spring-aspects-6.1.14.jar;C:\Users\Admin\.m2\repository\org\springframework\boot\spring-boot-starter-mail\3.3.5\spring-boot-starter-mail-3.3.5.jar;C:\Users\Admin\.m2\repository\org\springframework\boot\spring-boot-starter\3.3.5\spring-boot-starter-3.3.5.jar;C:\Users\Admin\.m2\repository\org\springframework\boot\spring-boot-starter-logging\3.3.5\spring-boot-starter-logging-3.3.5.jar;C:\Users\Admin\.m2\repository\ch\qos\logback\logback-classic\1.5.11\logback-classic-1.5.11.jar;C:\Users\Admin\.m2\repository\ch\qos\logback\logback-core\1.5.11\logback-core-1.5.11.jar;C:\Users\Admin\.m2\repository\org\apache\logging\log4j\log4j-to-slf4j\2.23.1\log4j-to-slf4j-2.23.1.jar;C:\Users\Admin\.m2\repository\org\apache\logging\log4j\log4j-api\2.23.1\log4j-api-2.23.1.jar;C:\Users\Admin\.m2\repository\org\slf4j\jul-to-slf4j\2.0.16\jul-to-slf4j-2.0.16.jar;C:\Users\Admin\.m2\repository\org\yaml\snakeyaml\2.2\snakeyaml-2.2.jar;C:\Users\Admin\.m2\repository\org\springframework\spring-context-support\6.1.14\spring-context-support-6.1.14.jar;C:\Users\Admin\.m2\repository\org\eclipse\angus\jakarta.mail\2.0.3\jakarta.mail-2.0.3.jar;C:\Users\Admin\.m2\repository\jakarta\activation\jakarta.activation-api\2.1.3\jakarta.activation-api-2.1.3.jar;C:\Users\Admin\.m2\repository\org\eclipse\angus\angus-activation\2.0.2\angus-activation-2.0.2.jar;C:\Users\Admin\.m2\repository\org\springframework\boot\spring-boot-starter-security\3.3.5\spring-boot-starter-security-3.3.5.jar;C:\Users\Admin\.m2\repository\org\springframework\spring-aop\6.1.14\spring-aop-6.1.14.jar;C:\Users\Admin\.m2\repository\org\springframework\security\spring-security-config\6.3.4\spring-security-config-6.3.4.jar;C:\Users\Admin\.m2\repository\org\springframework\security\spring-security-web\6.3.4\spring-security-web-6.3.4.jar;C:\Users\Admin\.m2\repository\org\springframework\spring-expression\6.1.14\spring-expression-6.1.14.jar;C:\Users\Admin\.m2\repository\org\springframework\boot\spring-boot-starter-web\3.3.5\spring-boot-starter-web-3.3.5.jar;C:\Users\Admin\.m2\repository\org\springframework\boot\spring-boot-starter-json\3.3.5\spring-boot-starter-json-3.3.5.jar;C:\Users\Admin\.m2\repository\com\fasterxml\jackson\core\jackson-databind\2.17.2\jackson-databind-2.17.2.jar;C:\Users\Admin\.m2\repository\com\fasterxml\jackson\core\jackson-annotations\2.17.2\jackson-annotations-2.17.2.jar;C:\Users\Admin\.m2\repository\com\fasterxml\jackson\core\jackson-core\2.17.2\jackson-core-2.17.2.jar;C:\Users\Admin\.m2\repository\com\fasterxml\jackson\datatype\jackson-datatype-jdk8\2.17.2\jackson-datatype-jdk8-2.17.2.jar;C:\Users\Admin\.m2\repository\com\fasterxml\jackson\datatype\jackson-datatype-jsr310\2.17.2\jackson-datatype-jsr310-2.17.2.jar;C:\Users\Admin\.m2\repository\com\fasterxml\jackson\module\jackson-module-parameter-names\2.17.2\jackson-module-parameter-names-2.17.2.jar;C:\Users\Admin\.m2\repository\org\springframework\boot\spring-boot-starter-tomcat\3.3.5\spring-boot-starter-tomcat-3.3.5.jar;C:\Users\Admin\.m2\repository\org\apache\tomcat\embed\tomcat-embed-core\10.1.31\tomcat-embed-core-10.1.31.jar;C:\Users\Admin\.m2\repository\org\apache\tomcat\embed\tomcat-embed-websocket\10.1.31\tomcat-embed-websocket-10.1.31.jar;C:\Users\Admin\.m2\repository\org\springframework\spring-web\6.1.14\spring-web-6.1.14.jar;C:\Users\Admin\.m2\repository\io\micrometer\micrometer-observation\1.13.6\micrometer-observation-1.13.6.jar;C:\Users\Admin\.m2\repository\io\micrometer\micrometer-commons\1.13.6\micrometer-commons-1.13.6.jar;C:\Users\Admin\.m2\repository\org\springframework\spring-webmvc\6.1.14\spring-webmvc-6.1.14.jar;C:\Users\Admin\.m2\repository\org\springframework\boot\spring-boot-devtools\3.3.5\spring-boot-devtools-3.3.5.jar;C:\Users\Admin\.m2\repository\org\springframework\boot\spring-boot\3.3.5\spring-boot-3.3.5.jar;C:\Users\Admin\.m2\repository\org\springframework\boot\spring-boot-autoconfigure\3.3.5\spring-boot-autoconfigure-3.3.5.jar;C:\Users\Admin\.m2\repository\com\microsoft\sqlserver\mssql-jdbc\12.6.4.jre11\mssql-jdbc-12.6.4.jre11.jar;C:\Users\Admin\.m2\repository\org\projectlombok\lombok\1.18.34\lombok-1.18.34.jar;C:\Users\Admin\.m2\repository\jakarta\xml\bind\jakarta.xml.bind-api\4.0.2\jakarta.xml.bind-api-4.0.2.jar;C:\Users\Admin\.m2\repository\org\springframework\spring-core\6.1.14\spring-core-6.1.14.jar;C:\Users\Admin\.m2\repository\org\springframework\spring-jcl\6.1.14\spring-jcl-6.1.14.jar;C:\Users\Admin\.m2\repository\org\springframework\boot\spring-boot-starter-thymeleaf\3.3.5\spring-boot-starter-thymeleaf-3.3.5.jar;C:\Users\Admin\.m2\repository\org\thymeleaf\thymeleaf-spring6\3.1.2.RELEASE\thymeleaf-spring6-3.1.2.RELEASE.jar;C:\Users\Admin\.m2\repository\org\thymeleaf\thymeleaf\3.1.2.RELEASE\thymeleaf-3.1.2.RELEASE.jar;C:\Users\Admin\.m2\repository\org\attoparser\attoparser\2.0.7.RELEASE\attoparser-2.0.7.RELEASE.jar;C:\Users\Admin\.m2\repository\org\unbescape\unbescape\1.1.6.RELEASE\unbescape-1.1.6.RELEASE.jar;C:\Users\Admin\.m2\repository\org\springframework\boot\spring-boot-starter-validation\3.3.5\spring-boot-starter-validation-3.3.5.jar;C:\Users\Admin\.m2\repository\org\apache\tomcat\embed\tomcat-embed-el\10.1.31\tomcat-embed-el-10.1.31.jar;C:\Users\Admin\.m2\repository\org\hibernate\validator\hibernate-validator\8.0.1.Final\hibernate-validator-8.0.1.Final.jar;C:\Users\Admin\.m2\repository\jakarta\validation\jakarta.validation-api\3.0.2\jakarta.validation-api-3.0.2.jar;C:\Users\Admin\.m2\repository\org\springframework\security\spring-security-core\6.3.4\spring-security-core-6.3.4.jar;C:\Users\Admin\.m2\repository\org\springframework\security\spring-security-crypto\6.3.4\spring-security-crypto-6.3.4.jar
Launcher Type: SUN_STANDARD

[Global flags]
     intx CICompilerCount                          = 4                                         {product} {ergonomic}
     uint ConcGCThreads                            = 2                                         {product} {ergonomic}
     uint G1ConcRefinementThreads                  = 8                                         {product} {ergonomic}
   size_t G1HeapRegionSize                         = 2097152                                   {product} {ergonomic}
   size_t InitialHeapSize                          = 266338304                                 {product} {ergonomic}
     bool ManagementServer                         = true                                      {product} {command line}
   size_t MarkStackSize                            = 4194304                                   {product} {ergonomic}
   size_t MaxHeapSize                              = 4255121408                                {product} {ergonomic}
   size_t MaxNewSize                               = 2552233984                                {product} {ergonomic}
   size_t MinHeapDeltaBytes                        = 2097152                                   {product} {ergonomic}
   size_t MinHeapSize                              = 8388608                                   {product} {ergonomic}
    uintx NonNMethodCodeHeapSize                   = 4096                                   {pd product} {ergonomic}
    uintx NonProfiledCodeHeapSize                  = 0                                      {pd product} {ergonomic}
     bool ProfileInterpreter                       = false                                  {pd product} {command line}
    uintx ProfiledCodeHeapSize                     = 0                                      {pd product} {ergonomic}
     bool ShowCodeDetailsInExceptionMessages       = true                                   {manageable} {command line}
   size_t SoftMaxHeapSize                          = 4255121408                             {manageable} {ergonomic}
     intx TieredStopAtLevel                        = 1                                         {product} {command line}
     bool UseCompressedOops                        = true                           {product lp64_product} {ergonomic}
     bool UseG1GC                                  = true                                      {product} {ergonomic}
     bool UseLargePagesIndividualAllocation        = false                                  {pd product} {ergonomic}

Logging:
Log output configuration:
 #0: stdout all=warning uptime,level,tags foldmultilines=false
 #1: stderr all=off uptime,level,tags foldmultilines=false

Environment Variables:
PATH=C:\Users\Admin\.p2\pool\plugins\org.eclipse.justj.openjdk.hotspot.jre.full.win32.x86_64_22.0.2.v20240802-1626\jre\bin;C:/Users/Admin/.p2/pool/plugins/org.eclipse.justj.openjdk.hotspot.jre.full.win32.x86_64_22.0.2.v20240802-1626/jre/bin/server;C:/Users/Admin/.p2/pool/plugins/org.eclipse.justj.openjdk.hotspot.jre.full.win32.x86_64_22.0.2.v20240802-1626/jre/bin;C:\Windows\system32;C:\Windows;C:\Windows\system32\Wbem;C:\Program Files\Common Files\Oracle\Java\javapath;C:\Program Files (x86)\Common Files\Oracle\Java\javapath;C:\Windows\System32\WindowsPowerShell\v1.0\;C:\Windows\System32\OpenSSH\;C:\Program Files\PuTTY\;D:\bc\Suveechi\Software\apache-maven-3.9.9\bin;C:\Program Files (x86)\Microsoft SQL Server\Client SDK\ODBC\130\Tools\Binn\;C:\Program Files (x86)\Microsoft SQL Server\130\Tools\Binn\;C:\Program Files (x86)\Microsoft SQL Server\130\DTS\Binn\;C:\Program Files (x86)\Microsoft SQL Server\130\Tools\Binn\ManagementStudio\;C:\Users\Admin\AppData\Local\Microsoft\WindowsApps;C:\Users\Admin\AppData\Local\GitHubDesktop\bin;C:\Windows\System32;
USERNAME=Admin
OS=Windows_NT
PROCESSOR_IDENTIFIER=Intel64 Family 6 Model 142 Stepping 10, GenuineIntel
TMP=C:\Users\Admin\AppData\Local\Temp
TEMP=C:\Users\Admin\AppData\Local\Temp




Periodic native trim disabled

---------------  S Y S T E M  ---------------

OS:
 Windows 10 , 64 bit Build 19041 (10.0.19041.5198)
OS uptime: 2 days 23:23 hours

CPU: total 8 (initial active 8) (4 cores per cpu, 2 threads per core) family 6 model 142 stepping 10 microcode 0xf6, cx8, cmov, fxsr, ht, mmx, 3dnowpref, sse, sse2, sse3, ssse3, sse4.1, sse4.2, popcnt, lzcnt, tsc, tscinvbit, avx, avx2, aes, erms, clmul, bmi1, bmi2, rtm, adx, fma, vzeroupper, clflush, clflushopt, rdtscp, f16c
Processor Information for all 8 processors :
  Max Mhz: 2112, Current Mhz: 1910, Mhz Limit: 1900

Memory: 4k page, system-wide physical 16227M (7531M free)
TotalPageFile size 18659M (AvailPageFile size 8034M)
current process WorkingSet (physical memory assigned to process): 325M, peak: 328M
current process commit charge ("private bytes"): 355M, peak: 373M

vm_info: OpenJDK 64-Bit Server VM (22.0.2+9) for windows-amd64 JRE (22.0.2+9), built on 2024-07-16T00:00:00Z by "admin" with MS VC++ 17.7 (VS2022)

END.
